
================================================================
======== txAdmin v6.0.2 atop fxserver 7290 Starting - 30/09/2024 02:03:18
================================================================
[02:03:53][PedroLuCas874] created admins file
[02:05:00][PedroLuCas874] Changing global settings via setup stepper and started Deployer.
[02:05:11][PedroLuCas874] Setting recipe.
[02:06:12][PedroLuCas874] Running recipe.
[02:11:17][PedroLuCas874] Completed and committed server deploy.

================================================================
======== txAdmin v6.0.2 atop fxserver 7290 Starting - 30/09/2024 02:20:46
================================================================
[02:22:25][PedroLuCas874] logged in from 127.0.0.1 via citizenfx

================================================================
======== txAdmin v6.0.2 atop fxserver 7290 Starting - 30/09/2024 02:25:58
================================================================

================================================================
======== txAdmin v6.0.2 atop fxserver 7290 Starting - 30/09/2024 08:43:04
================================================================
[08:43:36][PedroLuCas874] logged in from 127.0.0.1 via citizenfx
[08:54:41][PedroLuCas874] executed "RESTART SERVER"
[08:59:51][PedroLuCas874] logged in via in-game ui
[09:13:01][PedroLuCas874] Changing global settings.
[09:15:03][PedroLuCas874] Changing discordBot settings.
[09:16:32][PedroLuCas874] Changing menu settings.
[09:16:59][PedroLuCas874] Editing user 'PedroLuCas874'.
[13:15:44][PedroLuCas874] logged in via in-game ui
[13:31:55][PedroLuCas874] executed "ensure "qb-inventory""
[13:34:02][PedroLuCas874] executed "ensure "qb-inventory""
[13:35:29][PedroLuCas874] executed "ensure "qb-inventory""
[13:37:00][PedroLuCas874] executed "ensure "qb-inventory""
[13:39:23][PedroLuCas874] executed "ensure "qb-inventory""
[13:40:46][PedroLuCas874] executed "svgui"
[13:43:07][PedroLuCas874] executed "ensure "qb-garages""
[13:43:27][PedroLuCas874] executed "ensure "qb-inventory""
[13:47:20][PedroLuCas874] executed "ensure "qb-inventory""
[13:48:35][PedroLuCas874] executed "ensure "qb-inventory""

================================================================
======== txAdmin v6.0.2 atop fxserver 7290 Starting - 30/09/2024 14:09:59
================================================================
[14:12:05][PedroLuCas874] logged in via in-game ui

================================================================
======== txAdmin v6.0.2 atop fxserver 7290 Starting - 30/09/2024 18:36:00
================================================================
[18:48:50][PedroLuCas874] logged in via in-game ui

================================================================
======== txAdmin v6.0.2 atop fxserver 7290 Starting - 30/09/2024 19:46:19
================================================================

================================================================
======== txAdmin v6.0.2 atop fxserver 7290 Starting - 30/09/2024 19:56:53
================================================================
[19:58:30][PedroLuCas874] logged in via in-game ui

================================================================
======== txAdmin v6.0.2 atop fxserver 7290 Starting - 30/09/2024 20:08:09
================================================================
[20:12:16][PedroLuCas874] logged in via in-game ui

================================================================
======== txAdmin v6.0.2 atop fxserver 7290 Starting - 30/09/2024 20:20:49
================================================================
[20:22:20][PedroLuCas874] logged in via in-game ui

================================================================
======== txAdmin v6.0.2 atop fxserver 7290 Starting - 30/09/2024 20:36:18
================================================================
[20:37:51][PedroLuCas874] logged in via in-game ui

================================================================
======== txAdmin v6.0.2 atop fxserver 7290 Starting - 30/09/2024 21:53:19
================================================================
[21:55:53][PedroLuCas874] logged in via in-game ui
[22:01:40][PedroLuCas874] logged in from 127.0.0.1 via citizenfx
[22:01:40][PedroLuCas874] logged in via in-game ui
[22:01:48][PedroLuCas874] executed "refresh"
[22:02:02][PedroLuCas874] executed "stop "watermark""
[22:02:08][PedroLuCas874] executed "ensure "Logo-server""
[22:02:14][PedroLuCas874] executed "refresh"
[22:02:29][PedroLuCas874] executed "refresh"
[22:02:35][PedroLuCas874] executed "start logo-server"
[22:02:40][PedroLuCas874] executed "refresh"
[22:02:41][PedroLuCas874] executed "refresh"
[22:02:48][PedroLuCas874] executed "ensure "Logo-server""

================================================================
======== txAdmin v6.0.2 atop fxserver 7290 Starting - 30/09/2024 22:06:18
================================================================
[22:08:07][PedroLuCas874] logged in via in-game ui
[22:10:52][PedroLuCas874] logged in from 127.0.0.1 via citizenfx
[22:10:52][PedroLuCas874] logged in via in-game ui
[22:10:55][PedroLuCas874] executed "refresh"
[22:11:07][PedroLuCas874] executed "restart Logo-server"
[22:11:58][PedroLuCas874] executed "restart Logo-server"
[22:12:15][PedroLuCas874] executed "restart Logo-server"
[22:14:50][PedroLuCas874] executed "restart Logo-server"
[22:27:46][PedroLuCas874] logged in via in-game ui
