
================================================================
======== txAdmin v6.0.2 atop fxserver 7290 Starting - 01/10/2024 15:34:20
================================================================

================================================================
======== Log Rotated - 01/10/2024 15:34:20                      
================================================================
[15:39:17][PedroLuCas874] logged in via in-game ui
[15:42:22][PedroLuCas874] logged in via in-game ui
[15:58:46][PedroLuCas874] logged in from 127.0.0.1 via citizenfx
[15:58:46][PedroLuCas874] logged in via in-game ui
[15:59:01][PedroLuCas874] executed "ensure "logo-serve""
[15:59:27][PedroLuCas874] executed "ensure "logo-serve""
[16:00:07][PedroLuCas874] executed "ensure "logo-serve""
[16:00:23][PedroLuCas874] executed "ensure "logo-serve""
[16:00:39][PedroLuCas874] executed "ensure "logo-serve""
[16:01:10][PedroLuCas874] executed "ensure "logo-serve""
[16:01:32][PedroLuCas874] executed "ensure "logo-serve""
[16:02:13][PedroLuCas874] executed "ensure "logo-serve""
[16:02:42][PedroLuCas874] executed "ensure "logo-serve""
[16:03:00][PedroLuCas874] executed "ensure "logo-serve""
[16:03:22][PedroLuCas874] executed "ensure "logo-serve""
[16:03:43][PedroLuCas874] executed "ensure "logo-serve""
[16:03:57][PedroLuCas874] executed "ensure "logo-serve""
[16:04:20][PedroLuCas874] executed "ensure "logo-serve""
[16:04:32][PedroLuCas874] executed "ensure "logo-serve""
[16:06:45][PedroLuCas874] executed "ensure "logo-serve""
[16:07:18][PedroLuCas874] executed "ensure "logo-serve""
[16:07:54][PedroLuCas874] executed "ensure "logo-serve""
[16:08:13][PedroLuCas874] executed "ensure "logo-serve""
[16:08:23][PedroLuCas874] executed "refresh"
[16:08:35][PedroLuCas874] executed "ensure "logo-serve""
[16:11:45][PedroLuCas874] executed "refresh"
[16:11:53][PedroLuCas874] executed "stop "logo-serve""
[16:12:02][PedroLuCas874] executed "ensure "Logo""
[16:12:33][PedroLuCas874] executed "ensure "Logo""
[16:14:44][PedroLuCas874] executed "ensure "Logo""

================================================================
======== txAdmin v6.0.2 atop fxserver 7290 Starting - 01/10/2024 16:14:59
================================================================
[16:16:40][PedroLuCas874] logged in via in-game ui

================================================================
======== txAdmin v6.0.2 atop fxserver 7290 Starting - 01/10/2024 20:14:14
================================================================
[20:17:20][PedroLuCas874] logged in via in-game ui

================================================================
======== txAdmin v6.0.2 atop fxserver 7290 Starting - 01/10/2024 23:01:09
================================================================

================================================================
======== txAdmin v6.0.2 atop fxserver 7290 Starting - 01/10/2024 23:03:40
================================================================
[23:04:27][PedroLuCas874] logged in from 127.0.0.1 via citizenfx
[23:06:17][PedroLuCas874] logged in via in-game ui
[23:06:39][PedroLuCas874] executed "refresh"
[23:08:21][PedroLuCas874] executed "ensure "toxic-logo""
[23:09:15][PedroLuCas874] executed "ensure "toxic-logo""
[23:10:33][PedroLuCas874] executed "ensure "toxic-logo""
[23:11:00][PedroLuCas874] executed "ensure "toxic-logo""
[23:11:27][PedroLuCas874] executed "ensure "toxic-logo""
[23:11:43][PedroLuCas874] executed "ensure "toxic-logo""
[23:12:03][PedroLuCas874] executed "ensure "toxic-logo""
[23:12:12][PedroLuCas874] executed "ensure "toxic-logo""
[23:12:25][PedroLuCas874] executed "ensure "toxic-logo""
[23:18:38][PedroLuCas874] executed "ensure "ps-banking""

================================================================
======== txAdmin v6.0.2 atop fxserver 7290 Starting - 01/10/2024 23:22:11
================================================================
[23:24:14][PedroLuCas874] logged in via in-game ui
[23:32:45][PedroLuCas874] logged in from 127.0.0.1 via citizenfx
[23:32:46][PedroLuCas874] logged in via in-game ui
[23:33:02][PedroLuCas874] executed "ensure "ps-banking""
[23:34:34][PedroLuCas874] executed "ensure "ps-banking""
