
================================================================
======== txAdmin v6.0.2 atop fxserver 7290 Starting - 04/10/2024 08:49:02
================================================================

================================================================
======== Log Rotated - 04/10/2024 08:49:02                      
================================================================
[08:52:07][PedroLuCas874] logged in via in-game ui
[09:07:53][PedroLuCas874] logged in from 127.0.0.1 via citizenfx
[09:07:53][PedroLuCas874] logged in via in-game ui
[09:08:10][PedroLuCas874] executed "ensure "qb-spawn""
[09:08:15][PedroLuCas874] executed "ensure "qb-multicharacter""
[09:09:55][PedroLuCas874] executed "ensure "qb-spawn""
[09:10:04][PedroLuCas874] executed "ensure "qb-multicharacter""
[09:10:58][PedroLuCas874] executed "ensure "qb-multicharacter""
[09:11:23][PedroLuCas874] executed "ensure "qb-spawn""
[09:11:32][PedroLuCas874] executed "ensure "qb-multicharacter""
[09:12:46][PedroLuCas874] executed "ensure "qb-spawn""
[09:12:50][PedroLuCas874] executed "ensure "qb-multicharacter""
[09:13:55][PedroLuCas874] executed "ensure "qb-spawn""
[09:14:00][PedroLuCas874] executed "ensure "qb-multicharacter""
[09:15:10][PedroLuCas874] executed "ensure "qb-spawn""
[09:15:16][PedroLuCas874] executed "ensure "qb-multicharacter""

================================================================
======== txAdmin v6.0.2 atop fxserver 7290 Starting - 04/10/2024 09:17:16
================================================================
[09:17:57][PedroLuCas874] logged in from 127.0.0.1 via citizenfx

================================================================
======== txAdmin v6.0.2 atop fxserver 7290 Starting - 04/10/2024 09:18:20
================================================================
[09:20:03][PedroLuCas874] logged in from 127.0.0.1 via citizenfx
[09:22:09][PedroLuCas874] logged in via in-game ui

================================================================
======== txAdmin v6.0.2 atop fxserver 7290 Starting - 04/10/2024 16:27:26
================================================================

================================================================
======== txAdmin v6.0.2 atop fxserver 7290 Starting - 04/10/2024 16:31:11
================================================================

================================================================
======== txAdmin v6.0.2 atop fxserver 7290 Starting - 04/10/2024 16:31:48
================================================================
[16:33:21][PedroLuCas874] logged in via in-game ui

================================================================
======== txAdmin v6.0.2 atop fxserver 7290 Starting - 04/10/2024 16:44:25
================================================================
