
================================================================
======== txAdmin v6.0.2 atop fxserver 7290 Starting - 05/10/2024 00:08:44
================================================================

================================================================
======== Log Rotated - 05/10/2024 00:08:44                      
================================================================

================================================================
======== txAdmin v6.0.2 atop fxserver 7290 Starting - 05/10/2024 00:16:08
================================================================
[00:19:03][PedroLuCas874] logged in via in-game ui

================================================================
======== txAdmin v6.0.2 atop fxserver 7290 Starting - 05/10/2024 08:18:06
================================================================
[08:39:05][PedroLuCas874] logged in via in-game ui
[09:19:37][PedroLuCas874] logged in from 127.0.0.1 via citizenfx
[09:19:37][PedroLuCas874] logged in via in-game ui
[09:20:54][PedroLuCas874] executed "ensure "qb-shops""
[09:31:06][PedroLuCas874] executed "ensure "qb-shops""
[12:51:39][PedroLuCas874] executed "ensure "qb-ambulancejob""
[12:56:00][PedroLuCas874] executed "ensure "qb-ambulancejob""
[12:57:21][PedroLuCas874] executed "ensure "qb-ambulancejob""
[12:58:48][PedroLuCas874] executed "ensure "qb-ambulancejob""

================================================================
======== txAdmin v6.0.2 atop fxserver 7290 Starting - 05/10/2024 13:19:51
================================================================
[13:22:38][PedroLuCas874] logged in via in-game ui
[13:29:41][PedroLuCas874] logged in via in-game ui

================================================================
======== txAdmin v6.0.2 atop fxserver 7290 Starting - 05/10/2024 16:54:16
================================================================
[16:57:02][PedroLuCas874] logged in via in-game ui
[18:09:00][PedroLuCas874] logged in from 127.0.0.1 via citizenfx
[18:09:00][PedroLuCas874] logged in via in-game ui
[18:12:46][PedroLuCas874] executed "ensure "qb-phone""

================================================================
======== txAdmin v6.0.2 atop fxserver 7290 Starting - 05/10/2024 19:43:02
================================================================
[19:45:02][PedroLuCas874] logged in via in-game ui
[19:52:38][PedroLuCas874] logged in from 127.0.0.1 via citizenfx
[19:52:39][PedroLuCas874] logged in via in-game ui
[19:53:10][PedroLuCas874] executed "ensure "qb-management""
[19:54:47][PedroLuCas874] executed "ensure "qb-management""

================================================================
======== txAdmin v6.0.2 atop fxserver 7290 Starting - 05/10/2024 20:03:09
================================================================

================================================================
======== txAdmin v6.0.2 atop fxserver 7290 Starting - 05/10/2024 20:04:43
================================================================
[20:06:16][PedroLuCas874] logged in via in-game ui
[20:09:19][PedroLuCas874] logged in via in-game ui

================================================================
======== txAdmin v6.0.2 atop fxserver 7290 Starting - 05/10/2024 23:22:11
================================================================
[23:24:44][PedroLuCas874] logged in via in-game ui
[23:36:55][PedroLuCas874] logged in from 127.0.0.1 via citizenfx
[23:36:55][PedroLuCas874] logged in via in-game ui
[23:37:21][PedroLuCas874] executed "ensure "qb-shops""
