
================================================================
======== txAdmin v6.0.2 atop fxserver 7290 Starting - 02/10/2024 12:17:28
================================================================

================================================================
======== Log Rotated - 02/10/2024 12:17:28                      
================================================================
[12:20:42][PedroLuCas874] logged in via in-game ui
[12:34:31][PedroLuCas874] logged in from 127.0.0.1 via citizenfx
[12:34:31][PedroLuCas874] logged in via in-game ui
[12:34:36][PedroLuCas874] executed "refresh"
[12:34:56][PedroLuCas874] executed "ensure "qb-management""

================================================================
======== txAdmin v6.0.2 atop fxserver 7290 Starting - 02/10/2024 13:06:40
================================================================
[13:10:24][PedroLuCas874] logged in via in-game ui
[13:22:01][PedroLuCas874] logged in from 127.0.0.1 via citizenfx
[13:22:01][PedroLuCas874] logged in via in-game ui

================================================================
======== txAdmin v6.0.2 atop fxserver 7290 Starting - 02/10/2024 13:59:07
================================================================
[13:59:17][PedroLuCas874] logged in from 127.0.0.1 via citizenfx
[14:01:26][PedroLuCas874] logged in via in-game ui
[14:10:31][PedroLuCas874] executed "ensure "qb-hud""
[14:14:14][PedroLuCas874] executed "ensure "qb-hud""
[14:14:50][PedroLuCas874] executed "ensure "qb-hud""
[14:16:01][PedroLuCas874] executed "ensure "qb-hud""
[14:17:47][PedroLuCas874] executed "ensure "qb-hud""

================================================================
======== txAdmin v6.0.2 atop fxserver 7290 Starting - 02/10/2024 14:58:14
================================================================
[15:02:07][PedroLuCas874] logged in via in-game ui
[15:16:37][PedroLuCas874] logged in via in-game ui

================================================================
======== txAdmin v6.0.2 atop fxserver 7290 Starting - 02/10/2024 21:13:39
================================================================
[21:14:45][PedroLuCas874] Status embed saved.
[21:19:27][PedroLuCas874] logged in via in-game ui
[21:27:14][PedroLuCas874] logged in from 127.0.0.1 via citizenfx
[21:27:14][PedroLuCas874] logged in via in-game ui
