
================================================================
======== Log Rotated - 03/10/2024 15:20:07                      
================================================================

================================================================
======== FXServer Starting - 03/10/2024 15:20:16                
================================================================
[           resources] Scanning resources.
[           resources] Found 104 resources.
[          svadhesive] Authenticating server license key...
[          svadhesive] Server license key authentication succeeded. Welcome!
[    c-scripting-core] Creating script environments for sessionmanager
[           resources] [0mStarted resource sessionmanager
[    c-scripting-core] Creating script environments for monitor
[      script:monitor] [txAdmin][97m Resource v6.0.2 threads and commands set up. All Ready.
[           resources] Started resource monitor
[    c-scripting-core] [0mCreating script environments for mapmanager
[           resources] Started resource mapmanager
[           resources] Started resource spawnmanager
[   script:mapmanager] Started gametype Freeroam
[           resources] Started resource basic-gamemode
[    c-scripting-core] Creating script environments for hardcap
[           resources] Started resource hardcap
[    c-scripting-core] Creating script environments for baseevents
[           resources] Started resource baseevents
[    c-scripting-core] Creating script environments for oxmysql
[           resources] Started resource oxmysql
[    c-scripting-core] Creating script environments for qb-core
[      script:qb-core] Warning: Missing phrase for key: "command.dvall.help"
[      script:qb-core] Warning: Missing phrase for key: "command.dvp.help"
[      script:qb-core] Warning: Missing phrase for key: "command.dvo.help"
[           resources] Started resource qb-core
[    c-scripting-core] [0mCreating script environments for ox_lib
[           resources] Started resource ox_lib
[           resources] [0mStarted resource menuv
[    c-scripting-core] Creating script environments for qb-adminmenu
[           resources] Started resource qb-adminmenu
[    c-scripting-core] Creating script environments for qb-ambulancejob
[script:qb-ambulancej] Warning: Missing phrase for key: "info.paleto_hospital"
[           resources] Started resource qb-ambulancejob
[           resources] Started resource qb-interior
[    c-scripting-core] Creating script environments for qb-clothing
[           resources] Started resource qb-clothing
[    c-scripting-core] Creating script environments for qb-weathersync
[           resources] Started resource qb-weathersync
[    c-scripting-core] Creating script environments for qb-apartments
[           resources] Started resource qb-apartments
[    c-scripting-core] Creating script environments for PolyZone
[           resources] Started resource PolyZone
[    c-scripting-core] Creating script environments for qb-bankrobbery
[           resources] Started resource qb-bankrobbery
[    c-scripting-core] Creating script environments for qb-busjob
[           resources] Started resource qb-busjob
[    c-scripting-core] Creating script environments for qb-cityhall
[           resources] Started resource qb-cityhall
[    c-scripting-core] Creating script environments for qb-crafting
[           resources] Started resource qb-crafting
[           resources] Started resource qb-minigames
[    c-scripting-core] Creating script environments for qb-crypto
[           resources] Started resource qb-crypto
[    c-scripting-core] [0mCreating script environments for qb-diving
[           resources] Started resource qb-diving
[    c-scripting-core] Creating script environments for qb-doorlock
[           resources] [0mStarted resource qb-doorlock
[    c-scripting-core] [0mCreating script environments for qb-drugs
[           resources] Started resource qb-drugs
[    c-scripting-core] Creating script environments for qb-garages
[           resources] Started resource qb-garages
[    c-scripting-core] Creating script environments for qb-garbagejob
[           resources] Started resource qb-garbagejob
[    c-scripting-core] Creating script environments for qb-hotdogjob
[           resources] Started resource qb-hotdogjob
[    c-scripting-core] Creating script environments for qb-houserobbery
[           resources] Started resource qb-houserobbery
[    c-scripting-core] [93mCreating script environments for qb-houses
[           resources] Started resource qb-houses
[           resources] [0mStarted resource qb-input
[    c-scripting-core] Creating script environments for qb-weapons
[           resources] Started resource qb-weapons
[    c-scripting-core] Creating script environments for qb-inventory
[           resources] Started resource qb-inventory
[    c-scripting-core] Creating script environments for qb-jewelery
[           resources] Started resource qb-jewelery
[    c-scripting-core] Creating script environments for qb-lapraces
[           resources] Started resource qb-lapraces
[    c-scripting-core] [0mCreating script environments for qb-management
[           resources] Started resource qb-management
[    c-scripting-core] Creating script environments for qb-mechanicjob
[           resources] Started resource qb-mechanicjob
[           resources] Started resource qb-menu
[    c-scripting-core] [0mCreating script environments for qb-spawn
[           resources] Started resource qb-spawn
[    c-scripting-core] Creating script environments for qb-multicharacter
[           resources] Started resource qb-multicharacter
[    c-scripting-core] Creating script environments for qb-newsjob
[           resources] Started resource qb-newsjob
[    c-scripting-core] [93mCreating script environments for qb-pawnshop
[           resources] Started resource qb-pawnshop
[    c-scripting-core] Creating script environments for qb-policejob
[           resources] Started resource qb-policejob
[    c-scripting-core] Creating script environments for qb-prison
[           resources] Started resource qb-prison
[38;5;161m[    c-scripting-core] Creating script environments for qb-radialmenu
[           resources] [0mStarted resource qb-radialmenu
[    c-scripting-core] Creating script environments for qb-recyclejob
[           resources] Started resource qb-recyclejob
[    c-scripting-core] Creating script environments for qb-scoreboard
[           resources] Started resource qb-scoreboard
[    c-scripting-core] Creating script environments for qb-scrapyard
[           resources] Started resource qb-scrapyard
[    c-scripting-core] [93mCreating script environments for qb-shops
[           resources] [93mStarted resource qb-shops
[    c-scripting-core] Creating script environments for qb-smallresources
[           resources] [0mStarted resource qb-smallresources
[    c-scripting-core] Creating script environments for qb-storerobbery
[           resources] [0mStarted resource qb-storerobbery
[    c-scripting-core] [0mCreating script environments for qb-streetraces
[           resources] Started resource qb-streetraces
[           resources] Started resource qb-target
[    c-scripting-core] [0mCreating script environments for qb-taxijob
[           resources] Started resource qb-taxijob
[    c-scripting-core] Creating script environments for qb-towjob
[           resources] Started resource qb-towjob
[    c-scripting-core] Creating script environments for qb-truckrobbery
[           resources] [0mStarted resource qb-truckrobbery
[    c-scripting-core] Creating script environments for qb-vehiclekeys
[           resources] Started resource qb-vehiclekeys
[    c-scripting-core] [93mCreating script environments for qb-vehiclesales
[           resources] Started resource qb-vehiclesales
[    c-scripting-core] Creating script environments for qb-vehicleshop
[           resources] Started resource qb-vehicleshop
[    c-scripting-core] [0mCreating script environments for qb-vineyard
[           resources] Started resource qb-vineyard
[    c-scripting-core] Creating script environments for qb-weed
[           resources] Started resource qb-weed
[    c-scripting-core] [93mCreating script environments for LegacyFuel
[           resources] Started resource LegacyFuel
[           resources] Started resource bob74_ipl
[    c-scripting-core] Creating script environments for connectqueue
[ script:connectqueue] QUEUE:  [connectqueue] Disabling hardcap 
[           resources] Stopping resource hardcap
[           resources] Started resource connectqueue
[    c-scripting-core] Creating script environments for interact-sound
[           resources] [0mStarted resource interact-sound
[           resources] Started resource progressbar
[           resources] Started resource safecracker
[    c-scripting-core] Creating script environments for yarn
[           resources] Started resource yarn
[    c-scripting-core] Creating script environments for webpack
[           resources] Started resource webpack
[    c-scripting-core] Creating script environments for screenshot-basic
[           resources] Started resource screenshot-basic
[    c-scripting-core] Creating script environments for pma-voice
[           resources] Started resource pma-voice
[    c-scripting-core] [0mCreating script environments for qb-radio
[           resources] Started resource qb-radio
[resources:OriginalMa] Warning: could not find file `stream/*/**` (defined in fxmanifest.lua:6)
[resources:OriginalMa] Warning: could not find file `stream/*/*/**` (defined in fxmanifest.lua:6)
[resources:OriginalMa] Warning: could not find file `stream/*/*/*/**` (defined in fxmanifest.lua:6)
[resources:OriginalMa] Asset OriginalMaps1/bs_int_txd.ytd uses 18.8 MiB of physical memory.
[resources:OriginalMa] Asset OriginalMaps1/cs6_04_prison+hi.ytd uses 21.2 MiB of physical memory.
[resources:OriginalMa] Asset OriginalMaps1/cs6_04_prison.ytd uses 17.4 MiB of physical memory.
[resources:OriginalMa] Asset OriginalMaps1/gabz_mrpd_txd.ytd uses 38.5 MiB of physical memory.
[resources:OriginalMa] Asset OriginalMaps1/italy_texture.ytd uses 16.7 MiB of physical memory.
[resources:OriginalMa] Asset OriginalMaps1/prison_cells_wall_details1_lower.ydr uses 18.0 MiB of physical memory.
[resources:OriginalMa] Asset OriginalMaps1/prison_cells_wall_details1_upper.ydr uses 20.0 MiB of physical memory.
[resources:OriginalMa] Asset OriginalMaps1/texturenews.ytd uses 24.3 MiB of physical memory.
[           resources] Started resource OriginalMaps1 (11 warnings)
[resources:OriginalMa] Asset OriginalMaps2/mai_dop_tt.ytd uses 23.5 MiB of physical memory.
[resources:OriginalMa] Asset OriginalMaps2/po1_03+hi.ytd uses 35.2 MiB of physical memory.
[resources:OriginalMa] Asset OriginalMaps2/port_garage_int.ydr uses 19.5 MiB of physical memory.
[resources:OriginalMa] Asset OriginalMaps2/sc1_04_bld_03.ydr uses 17.5 MiB of physical memory.
[resources:OriginalMa] Asset OriginalMaps2/shmann_ehos_textures.ytd uses 22.9 MiB of physical memory.
[resources:OriginalMa] Asset OriginalMaps2/shmann_hospital_props.ytd uses 24.0 MiB of physical memory.
[resources:OriginalMa] Asset OriginalMaps2/texturetaxi.ytd uses 19.1 MiB of physical memory.
[resources:OriginalMa] Asset OriginalMaps2/uj_vwint03_garage_shell.ydr uses 21.0 MiB of physical memory.
[resources:OriginalMa] Asset OriginalMaps2/v_19_stripclub.ytd uses 23.0 MiB of physical memory.
[           resources] Started resource OriginalMaps2 (9 warnings)
[resources:OriginalMa] Warning: could not find file `stream/Hospital/pillbox_hill.ymt` (defined in fxmanifest.lua:5)
[resources:OriginalMa] Warning: could not find file `stream/Hospital/ymt/downtown.ymt` (defined in fxmanifest.lua:5)
[resources:OriginalMa] Asset OriginalMaps3/bam_vespmech_props_txt.ytd uses 16.8 MiB of physical memory.
[resources:OriginalMa] Asset OriginalMaps3/cs1_03_consgrnd.ydr uses 18.0 MiB of physical memory.
[resources:OriginalMa] Asset OriginalMaps3/denis3d_tunershop_txd.ytd uses 17.2 MiB of physical memory.
[resources:OriginalMa] Asset OriginalMaps3/dnx_chiliadtown.ytd uses 57.5 MiB of physical memory. Oversized assets can and WILL lead to streaming issues (such as models not loading/rendering).
[resources:OriginalMa] Asset OriginalMaps3/gabz_pdprops01_txd.ytd uses 27.5 MiB of physical memory.
[38;5;117m[resources:OriginalMa] Asset OriginalMaps3/ranchoroom9.ydr uses 19.5 MiB of physical memory.
[resources:OriginalMa] Asset OriginalMaps3/v_56_ranch_shell.ydr uses 23.0 MiB of physical memory.
[           resources] Started resource OriginalMaps3 (9 warnings)
[resources:OriginalMa] Asset OriginalMaps4/as_autoexotic_txt.ytd uses 22.5 MiB of physical memory.
[resources:OriginalMa] Asset OriginalMaps4/beach_tiki_bar_01.ydr uses 17.0 MiB of physical memory.
[resources:OriginalMa] Asset OriginalMaps4/ccsupermod_txd.ytd uses 29.1 MiB of physical memory.
[resources:OriginalMa] Asset OriginalMaps4/chuz_is_gas_txd.ytd uses 27.0 MiB of physical memory.
[resources:OriginalMa] Asset OriginalMaps4/dep_rockinghamtex.ytd uses 23.0 MiB of physical memory.
[resources:OriginalMa] Asset OriginalMaps4/labo.ytd uses 30.1 MiB of physical memory.
[resources:OriginalMa] Asset OriginalMaps4/rdzk_r_chinese_seul_txd.ytd uses 18.0 MiB of physical memory.
[           resources] Started resource OriginalMaps4 (7 warnings)
[           resources] Started resource hospital_map
[           resources] Started resource bs_loadingscreen
[           resources] Started resource ddcz_fov
[    c-scripting-core] Creating script environments for noxen_photomode
[           resources] Started resource noxen_photomode
[    c-scripting-core] Creating script environments for ps-banking
[           resources] Started resource ps-banking
[    c-scripting-core] [0mCreating script environments for qb-hud
[           resources] Started resource qb-hud
[    c-scripting-core] Creating script environments for qb-phone
[           resources] Started resource qb-phone
[    c-scripting-core] Creating script environments for rcore_pool
[resources:rcore_pool] Warning: could not find server_script `server/code.lua` (defined in fxmanifest.lua:13)
[           resources] Started resource rcore_pool (1 warning)
[    c-scripting-core] Creating script environments for refine-mechat
[           resources] Started resource refine-mechat
[    c-scripting-core] [0mCreating script environments for rpemotes-reborn
[script:rpemotes-rebo] [rp] [93mSql Keybinding is turned off, if you want to enable /emotebind, set SqlKeybinding = true in config.lua and uncomment oxmysql lines in fxmanifest.lua.
[           resources] Started resource rpemotes-reborn
[           resources] Started resource toxic-logo
[   script:mapmanager] Started map fivem-map-skater
[           resources] Started resource fivem-map-skater
[script:noxen_photomo] [0m(!) Framework detected: QBCore
[      script:oxmysql] [0m[10.4.32-MariaDB] Database server connection established!
[ script:qb-inventory] 4 inventories successfully loaded
[script:noxen_photomo] [WARNING] noxen_photomode is NOT up to date!
[script:noxen_photomo] [WARNING] Your Version: 1.0.1
[script:noxen_photomo] [WARNING] Latest Version: 1.0.2
[script:noxen_photomo] [WARNING] Get the latest version from GitHub!
[ citizen-server-impl]         fff                          
[ citizen-server-impl]   cccc ff   xx  xx     rr rr    eee  
[ citizen-server-impl] cc     ffff   xx       rrr  r ee   e 
[ citizen-server-impl] cc     ff     xx   ... rr     eeeee  
[ citizen-server-impl]  ccccc ff   xx  xx ... rr      eeeee 
[ citizen-server-impl]                                      
[ citizen-server-impl] Authenticated with cfx.re Nucleus: https://pedrolucas874-v7zbvk.users.cfx.re/
[ script:connectqueue] QUEUE: pedro[license:9165b8aac98b47644a38d1082eb1aeea3aab5f52] was placed 1/1 in queue
[ script:connectqueue] QUEUE: pedro[license:9165b8aac98b47644a38d1082eb1aeea3aab5f52] is loading into the server
[      script:qb-core] [qb-core:LOG] pedro PLAYER SAVED!
[script:qb-multichara] [qb-core] pedro (Citizen ID: ACN34692) has successfully loaded!
[ citizen-server-impl] sync thread hitch warning: timer interval of 108 milliseconds
[      script:qb-core] [qb-core:LOG] pedro PLAYER SAVED!
[38;5;73m[ citizen-server-impl] server thread hitch warning: timer interval of 157 milliseconds
[ citizen-server-impl] sync thread hitch warning: timer interval of 139 milliseconds
[ citizen-server-impl] sync thread hitch warning: timer interval of 101 milliseconds
[ citizen-server-impl] sync thread hitch warning: timer interval of 104 milliseconds
[ citizen-server-impl] server thread hitch warning: timer interval of 156 milliseconds
[ citizen-server-impl] sync thread hitch warning: timer interval of 114 milliseconds
> txaEvent "adminsUpdated" "[1]"
> txaReportResources
[      script:monitor] [0m[txAdmin] Sending resources list to txAdmin.
> ensure "qb-spawn"
[           resources] Stopping resource qb-multicharacter
[           resources] Stopping resource qb-spawn
[    c-scripting-core] Creating script environments for qb-spawn
[           resources] Started resource qb-spawn
[ citizen-server-impl] server thread hitch warning: timer interval of 684 milliseconds
> txaReportResources
[      script:monitor] [97m[txAdmin] Sending resources list to txAdmin.
> ensure "qb-multicharacter"
[    c-scripting-core] Creating script environments for qb-multicharacter
[           resources] Started resource qb-multicharacter
> txaReportResources
[      script:monitor] [txAdmin] Sending resources list to txAdmin.
> refresh
[           resources] Scanning resources.
[           resources] Found 0 new resources, and refreshed 0/104 resources.
> txaReportResources
[      script:monitor] [0m[txAdmin] Sending resources list to txAdmin.
> ensure "qb-multicharacter"
[           resources] Stopping resource qb-multicharacter
[    c-scripting-core] [97mCreating script environments for qb-multicharacter
[           resources] Started resource qb-multicharacter
> txaReportResources
[      script:monitor] [txAdmin] Sending resources list to txAdmin.
[      script:qb-core] [0m[qb-core:LOG] pedro PLAYER SAVED!
[script:qb-multichara] [qb-core] pedro (Citizen ID: ACN34692) has successfully loaded!
[ citizen-server-impl] sync thread hitch warning: timer interval of 118 milliseconds
[ citizen-server-impl] server thread hitch warning: timer interval of 161 milliseconds
> ensure "qb-spawn"
[           resources] Stopping resource qb-multicharacter
[           resources] Stopping resource qb-spawn
[    c-scripting-core] Creating script environments for qb-spawn
[           resources] [0mStarted resource qb-spawn
> txaReportResources
[      script:monitor] [0m[txAdmin] Sending resources list to txAdmin.
> ensure "qb-multicharacter"
[    c-scripting-core] [97mCreating script environments for qb-multicharacter
[           resources] Started resource qb-multicharacter
> txaReportResources
[      script:monitor] [97m[txAdmin] Sending resources list to txAdmin.
> ensure "qb-spawn"
[           resources] Stopping resource qb-multicharacter
[           resources] Stopping resource qb-spawn
[    c-scripting-core] Creating script environments for qb-spawn
[           resources] Started resource qb-spawn
> txaReportResources
[      script:monitor] [0m[txAdmin] Sending resources list to txAdmin.
> ensure "qb-multicharacter"
[    c-scripting-core] [0mCreating script environments for qb-multicharacter
[           resources] Started resource qb-multicharacter
> txaReportResources
[      script:monitor] [0m[txAdmin] Sending resources list to txAdmin.
[      script:qb-core] [97m[qb-core:LOG] pedro PLAYER SAVED!
[      script:oxmysql] [10.4.32-MariaDB] qb-crypto took 251.4855ms to execute a query!
[      script:oxmysql] UPDATE crypto set worth = ?, history = ? where crypto = ? [997,"[{\"NewWorth\":1004,\"PreviousWorth\":1003},{\"NewWorth\":1004,\"PreviousWorth\":1003},{\"NewWorth\":1004,\"PreviousWorth\":1003},{\"NewWorth\":997,\"PreviousWorth\":1004}]","qbit"]
> ensure "qb-spawn"
[           resources] Stopping resource qb-multicharacter
[           resources] Stopping resource qb-spawn
[    c-scripting-core] Creating script environments for qb-spawn
[           resources] Started resource qb-spawn
> txaReportResources
[      script:monitor] [txAdmin] Sending resources list to txAdmin.
> ensure "qb-multicharacter"
[    c-scripting-core] Creating script environments for qb-multicharacter
[           resources] [0mStarted resource qb-multicharacter
> txaReportResources
[      script:monitor] [0m[txAdmin] Sending resources list to txAdmin.
[ citizen-server-impl] sync thread hitch warning: timer interval of 159 milliseconds
> ensure "qb-spawn"
[           resources] Stopping resource qb-multicharacter
[           resources] Stopping resource qb-spawn
[    c-scripting-core] Creating script environments for qb-spawn
[           resources] Started resource qb-spawn
> txaReportResources
[      script:monitor] [txAdmin] Sending resources list to txAdmin.
> ensure "qb-multicharacter"
[    c-scripting-core] Creating script environments for qb-multicharacter
[           resources] Started resource qb-multicharacter
> txaReportResources
[      script:monitor] [txAdmin] Sending resources list to txAdmin.
[      script:qb-core] [97m[qb-core:LOG] pedro PLAYER SAVED!
[      script:qb-core] [qb-core:LOG] pedro PLAYER SAVED!
[script:qb-multichara] [qb-core] pedro has successfully loaded!
[ citizen-server-impl] server thread hitch warning: timer interval of 152 milliseconds
[      script:qb-core] [0m[qb-core:LOG] pedro PLAYER SAVED!
[      script:oxmysql] [10.4.32-MariaDB] qb-inventory took 250.4952ms to execute a query!
[      script:oxmysql] UPDATE players SET inventory = ? WHERE citizenid = ? ["[{\"slot\":1,\"amount\":1,\"name\":\"phone\",\"type\":\"item\",\"info\":[]},{\"slot\":2,\"amount\":1,\"name\":\"id_card\",\"type\":\"item\",\"info\":{\"lastname\":\"Maria\",\"firstname\":\"Ana\",\"nationality\":\"Brazil\",\"citizenid\":\"VOP33236\",\"gender\":1,\"birthdate\":\"2002-08-07\"}},{\"slot\":3,\"amount\":1,\"name\":\"driver_license\",\"type\":\"item\",\"info\":{\"type\":\"Class C Driver License\",\"lastname\":\"Maria\",\"firstname\":\"Ana\",\"birthdate\":\"2002-08-07\"}}]","VOP33236"]
[      script:oxmysql] [10.4.32-MariaDB] qb-core took 252.6713ms to execute a query!
[      script:oxmysql] INSERT INTO players (citizenid, cid, license, name, money, charinfo, job, gang, position, metadata) VALUES (?, ?, ?, ?, ?, ?, ?, ?, ?, ?) ON DUPLICATE KEY UPDATE cid = ?, name = ?, money = ?, charinfo = ?, job = ?, gang = ?, position = ?, metadata = ? ["VOP33236",2,"license:9165b8aac98b47644a38d1082eb1aeea3aab5f52","pedro","{\"crypto\":0,\"bank\":5000,\"cash\":500}","{\"firstname\":\"Ana\",\"nationality\":\"Brazil\",\"birthdate\":\"2002-08-07\",\"phone\":\"3513293725\",\"account\":\"US09QBCore3085703487\",\"cid\":2,\"lastname\":\"Maria\",\"gender\":1}","{\"grade\":{\"level\":0,\"payment\":10,\"name\":\"Freelancer\",\"isboss\":false},\"label\":\"Civilian\",\"name\":\"unemployed\",\"type\":\"none\",\"onduty\":true,\"isboss\":false}","{\"grade\":{\"name\":\"none\",\"level\":0},\"label\":\"No Gang Affiliation\",\"name\":\"none\",\"isboss\":false}","{\"x\":-618.2769165039063,\"y\":39.29670715332031,\"z\":14.6373291015625}","{\"currentapartment\":\"apartment4156\",\"callsign\":\"NO CALLSIGN\",\"bloodtype\":\"O-\",\"status\":[],\"thirst\":96.2,\"injail\":0,\"stress\":0,\"armor\":0,\"inlaststand\":false,\"inside\":{\"apartment\":{\"apartmentType\":\"apartment4\",\"apartmentId\":\"apartment4156\"}},\"hunger\":95.8,\"walletid\":\"QB-90436447\",\"jailitems\":[],\"phonedata\":{\"SerialNumber\":49519624,\"InstalledApps\":[]},\"isdead\":false,\"fingerprint\":\"Lh248K66zLH5556\",\"ishandcuffed\":false,\"rep\":[],\"tracker\":false,\"criminalrecord\":{\"hasRecord\":false},\"licences\":{\"business\":false,\"driver\":true,\"weapon\":false},\"phone\":[]}",2,"pedro","{\"crypto\":0,\"bank\":5000,\"cash\":500}","{\"firstname\":\"Ana\",\"nationality\":\"Brazil\",\"birthdate\":\"2002-08-07\",\"phone\":\"3513293725\",\"account\":\"US09QBCore3085703487\",\"cid\":2,\"lastname\":\"Maria\",\"gender\":1}","{\"grade\":{\"level\":0,\"payment\":10,\"name\":\"Freelancer\",\"isboss\":false},\"label\":\"Civilian\",\"name\":\"unemployed\",\"type\":\"none\",\"onduty\":true,\"isboss\":false}","{\"grade\":{\"name\":\"none\",\"level\":0},\"label\":\"No Gang Affiliation\",\"name\":\"none\",\"isboss\":false}","{\"x\":-618.2769165039063,\"y\":39.29670715332031,\"z\":14.6373291015625}","{\"currentapartment\":\"apartment4156\",\"callsign\":\"NO CALLSIGN\",\"bloodtype\":\"O-\",\"status\":[],\"thirst\":96.2,\"injail\":0,\"stress\":0,\"armor\":0,\"inlaststand\":false,\"inside\":{\"apartment\":{\"apartmentType\":\"apartment4\",\"apartmentId\":\"apartment4156\"}},\"hunger\":95.8,\"walletid\":\"QB-90436447\",\"jailitems\":[],\"phonedata\":{\"SerialNumber\":49519624,\"InstalledApps\":[]},\"isdead\":false,\"fingerprint\":\"Lh248K66zLH5556\",\"ishandcuffed\":false,\"rep\":[],\"tracker\":false,\"criminalrecord\":{\"hasRecord\":false},\"licences\":{\"business\":false,\"driver\":true,\"weapon\":false},\"phone\":[]}"]
[      script:qb-core] [qb-core:LOG] pedro PLAYER SAVED!
[script:qb-multichara] [qb-core] pedro (Citizen ID: ACN34692) has successfully loaded!
[      script:qb-core] [0m[qb-core:LOG] pedro PLAYER SAVED!
