
================================================================
======== FXServer Starting - 30/09/2024 02:11:17                
================================================================
[           resources] Scanning resources.
[           resources] Found 98 resources.
[          svadhesive] Authenticating server license key...
[          svadhesive] Server license key authentication succeeded. Welcome!
[    c-scripting-core] Creating script environments for sessionmanager
[           resources] Started resource sessionmanager
[    c-scripting-core] Creating script environments for monitor
[      script:monitor] [txAdmin] Resource v6.0.2 threads and commands set up. All Ready.
[           resources] [0mStarted resource monitor
[    c-scripting-core] Creating script environments for mapmanager
[           resources] Started resource mapmanager
[    c-scripting-core] Creating script environments for chat
[           resources] Started resource chat
[           resources] Started resource spawnmanager
[   script:mapmanager] [97mStarted gametype Freeroam
[           resources] Started resource basic-gamemode
[    c-scripting-core] Creating script environments for hardcap
[           resources] Started resource hardcap
[    c-scripting-core] [0mCreating script environments for baseevents
[           resources] Started resource baseevents
[    c-scripting-core] Creating script environments for oxmysql
[           resources] [0mStarted resource oxmysql
[    c-scripting-core] Creating script environments for qb-core
[      script:qb-core] Warning: Missing phrase for key: "command.dvall.help"
[38;5;134m[      script:qb-core] Warning: Missing phrase for key: "command.dvp.help"
[      script:qb-core] Warning: Missing phrase for key: "command.dvo.help"
[           resources] [0mStarted resource qb-core
[           resources] Started resource menuv
[    c-scripting-core] Creating script environments for qb-adminmenu
[           resources] Started resource qb-adminmenu
[    c-scripting-core] Creating script environments for qb-ambulancejob
[script:qb-ambulancej] [93mWarning: Missing phrase for key: "info.paleto_hospital"
[           resources] Started resource qb-ambulancejob
[           resources] Started resource qb-interior
[    c-scripting-core] Creating script environments for qb-clothing
[           resources] Started resource qb-clothing
[    c-scripting-core] Creating script environments for qb-weathersync
[           resources] Started resource qb-weathersync
[    c-scripting-core] Creating script environments for qb-apartments
[           resources] Started resource qb-apartments
[    c-scripting-core] Creating script environments for qb-banking
[           resources] Started resource qb-banking
[    c-scripting-core] Creating script environments for PolyZone
[           resources] Started resource PolyZone
[    c-scripting-core] Creating script environments for qb-bankrobbery
[           resources] Started resource qb-bankrobbery
[    c-scripting-core] Creating script environments for qb-busjob
[           resources] Started resource qb-busjob
[    c-scripting-core] Creating script environments for qb-cityhall
[           resources] Started resource qb-cityhall
[    c-scripting-core] Creating script environments for qb-crafting
[           resources] Started resource qb-crafting
[           resources] Started resource qb-minigames
[    c-scripting-core] Creating script environments for qb-crypto
[           resources] Started resource qb-crypto
[    c-scripting-core] Creating script environments for qb-diving
[           resources] Started resource qb-diving
[    c-scripting-core] Creating script environments for qb-doorlock
[           resources] Started resource qb-doorlock
[    c-scripting-core] Creating script environments for qb-drugs
[           resources] Started resource qb-drugs
[    c-scripting-core] Creating script environments for qb-garages
[           resources] Started resource qb-garages
[    c-scripting-core] [93mCreating script environments for qb-garbagejob
[           resources] [0mStarted resource qb-garbagejob
[    c-scripting-core] Creating script environments for qb-hotdogjob
[           resources] Started resource qb-hotdogjob
[    c-scripting-core] [0mCreating script environments for qb-houserobbery
[           resources] Started resource qb-houserobbery
[    c-scripting-core] Creating script environments for qb-houses
[           resources] [0mStarted resource qb-houses
[    c-scripting-core] Creating script environments for qb-hud
[           resources] Started resource qb-hud
[           resources] Started resource qb-input
[    c-scripting-core] Creating script environments for qb-weapons
[           resources] Started resource qb-weapons
[    c-scripting-core] Creating script environments for qb-inventory
[           resources] Started resource qb-inventory
[    c-scripting-core] Creating script environments for qb-jewelery
[           resources] Started resource qb-jewelery
[    c-scripting-core] [0mCreating script environments for qb-lapraces
[           resources] Started resource qb-lapraces
[           resources] Started resource qb-loading
[    c-scripting-core] Creating script environments for qb-management
[           resources] Started resource qb-management
[    c-scripting-core] Creating script environments for qb-mechanicjob
[           resources] Started resource qb-mechanicjob
[           resources] Started resource qb-menu
[    c-scripting-core] Creating script environments for qb-spawn
[           resources] Started resource qb-spawn
[    c-scripting-core] Creating script environments for qb-multicharacter
[           resources] Started resource qb-multicharacter
[    c-scripting-core] Creating script environments for qb-newsjob
[           resources] Started resource qb-newsjob
[    c-scripting-core] Creating script environments for qb-pawnshop
[           resources] Started resource qb-pawnshop
[    c-scripting-core] Creating script environments for qb-phone
[           resources] Started resource qb-phone
[    c-scripting-core] Creating script environments for qb-policejob
[           resources] Started resource qb-policejob
[    c-scripting-core] [0mCreating script environments for qb-prison
[           resources] Started resource qb-prison
[    c-scripting-core] [0mCreating script environments for qb-radialmenu
[           resources] Started resource qb-radialmenu
[    c-scripting-core] Creating script environments for qb-recyclejob
[           resources] Started resource qb-recyclejob
[    c-scripting-core] Creating script environments for qb-scoreboard
[           resources] Started resource qb-scoreboard
[    c-scripting-core] Creating script environments for qb-scrapyard
[           resources] [0mStarted resource qb-scrapyard
[    c-scripting-core] Creating script environments for qb-shops
[           resources] [93mStarted resource qb-shops
[    c-scripting-core] Creating script environments for qb-smallresources
[           resources] Started resource qb-smallresources
[    c-scripting-core] Creating script environments for qb-storerobbery
[           resources] Started resource qb-storerobbery
[    c-scripting-core] [93mCreating script environments for qb-streetraces
[           resources] [93mStarted resource qb-streetraces
[           resources] Started resource qb-target
[    c-scripting-core] [0mCreating script environments for qb-taxijob
[           resources] Started resource qb-taxijob
[    c-scripting-core] Creating script environments for qb-towjob
[           resources] Started resource qb-towjob
[    c-scripting-core] Creating script environments for qb-truckrobbery
[           resources] Started resource qb-truckrobbery
[    c-scripting-core] Creating script environments for qb-vehiclekeys
[           resources] Started resource qb-vehiclekeys
[    c-scripting-core] [93mCreating script environments for qb-vehiclesales
[           resources] Started resource qb-vehiclesales
[    c-scripting-core] Creating script environments for qb-vehicleshop
[           resources] Started resource qb-vehicleshop
[    c-scripting-core] Creating script environments for qb-vineyard
[           resources] Started resource qb-vineyard
[    c-scripting-core] [0mCreating script environments for qb-weed
[           resources] Started resource qb-weed
[    c-scripting-core] [0mCreating script environments for LegacyFuel
[           resources] [0mStarted resource LegacyFuel
[           resources] Started resource bob74_ipl
[    c-scripting-core] Creating script environments for connectqueue
[ script:connectqueue] QUEUE:  [connectqueue] Disabling hardcap 
[           resources] Stopping resource hardcap
[           resources] Started resource connectqueue
[    c-scripting-core] [0mCreating script environments for interact-sound
[           resources] Started resource interact-sound
[           resources] Started resource progressbar
[           resources] Started resource safecracker
[    c-scripting-core] Creating script environments for yarn
[           resources] Started resource yarn
[ citizen-server-impl] Running build tasks on resource webpack - it'll restart once completed.
[    c-resources-core] Could not start dependency webpack for resource screenshot-basic.
[ citizen-server-impl] Couldn't start resource screenshot-basic.
[    c-scripting-core] Creating script environments for pma-voice
[           resources] Started resource pma-voice
[    c-scripting-core] Creating script environments for qb-radio
[           resources] Started resource qb-radio
[           resources] Started resource dealer_map
[           resources] Started resource hospital_map
[           resources] Started resource prison_canteen
[resources:prison_mai] Asset prison_main/desertos_prison.ytd uses 30.5 MiB of physical memory.
[           resources] Started resource prison_main (1 warning)
[           resources] Started resource prison_meeting
[         script:yarn] [yarn]	yarn install v1.22.5
[   script:mapmanager] Started map fivem-map-hipster
[           resources] Started resource fivem-map-hipster
[         script:yarn] [0m[yarn]	[1/4] Resolving packages...
[      script:oxmysql] [10.4.32-MariaDB] Database server connection established!
[         script:yarn] [97m[yarn]	[2/4] Fetching packages...
[ citizen-server-impl]         fff                          
[ citizen-server-impl]   cccc ff   xx  xx     rr rr    eee  
[ citizen-server-impl] cc     ffff   xx       rrr  r ee   e 
[ citizen-server-impl] cc     ff     xx   ... rr     eeeee  
[ citizen-server-impl]  ccccc ff   xx  xx ... rr      eeeee 
[ citizen-server-impl]                                      
[ citizen-server-impl] Authenticated with cfx.re Nucleus: https://pedrolucas874-v7zbvk.users.cfx.re/
[         script:yarn] [0m[yarn]	info fsevents@2.3.1: The platform "win32" is incompatible with this module.
[         script:yarn] [yarn]	info "fsevents@2.3.1" is an optional dependency and failed compatibility check. Excluding it from installation.
[         script:yarn] [yarn]	info fsevents@1.2.13: The platform "win32" is incompatible with this module.
[         script:yarn] info "fsevents@1.2.13" is an optional dependency and failed compatibility check. Excluding it from installation.
[         script:yarn] [yarn]	[3/4] Linking dependencies...
[         script:yarn] [yarn]	[4/4] Building fresh packages...
[         script:yarn] Error: [yarn]	warning Ignored scripts due to flag.
[         script:yarn] [yarn]	Done in 30.63s.
[ citizen-server-impl] Build tasks completed - starting resource webpack.
[    c-scripting-core] Creating script environments for webpack
[ citizen-server-impl] [0mRunning build tasks on resource screenshot-basic - it'll restart once completed.
[           resources] [0mStarted resource webpack
[38;5;73m[ citizen-server-impl] server thread hitch warning: timer interval of 220 milliseconds
[         script:yarn] [yarn]	yarn install v1.22.5
[         script:yarn] [yarn]	[1/4] Resolving packages...
[         script:yarn] [yarn]	[2/4] Fetching packages...
[         script:yarn] [yarn]	info There appears to be trouble with your network connection. Retrying...
[         script:yarn] Error: [yarn]	C:\Original-City-Qbcore\Server\resources\[cfx-default]\[system]\[builders]\yarn\yarn_cli.js:89153
[         script:yarn]     compromised = compromised || function (err) { throw err; };
[         script:yarn]                                                   ^
[         script:yarn] 
[         script:yarn] Error: Unable to update lock within the stale threshold
[         script:yarn]     at C:\Original-City-Qbcore\Server\resources\[cfx-default]\[system]\[builders]\yarn\yarn_cli.js:89075:66
[         script:yarn]     at FSReqCallback.oncomplete (node:fs:188:23) {
[         script:yarn]   code: 'ECOMPROMISED'
[         script:yarn] }
[         script:yarn] Error: [yarn]	
[ citizen-server-impl] Building resource screenshot-basic failed.
[ citizen-server-impl] Error data: yarn failed!
[ citizen-server-impl] [0msync thread hitch warning: timer interval of 102 milliseconds
[ citizen-server-impl] server thread hitch warning: timer interval of 152 milliseconds
[ citizen-server-main] -> Quitting: SIGINT received

================================================================
======== FXServer Starting - 30/09/2024 02:20:56                
================================================================
[           resources] [32mScanning resources.
[           resources] Found 98 resources.
[          svadhesive] Authenticating server license key...
[          svadhesive] Server license key authentication succeeded. Welcome!
[    c-scripting-core] Creating script environments for sessionmanager
[           resources] Started resource sessionmanager
[    c-scripting-core] Creating script environments for monitor
[      script:monitor] [txAdmin] Resource v6.0.2 threads and commands set up. All Ready.
[           resources] Started resource monitor
[    c-scripting-core] Creating script environments for mapmanager
[           resources] Started resource mapmanager
[    c-scripting-core] Creating script environments for chat
[           resources] Started resource chat
[           resources] Started resource spawnmanager
[   script:mapmanager] Started gametype Freeroam
[           resources] Started resource basic-gamemode
[    c-scripting-core] Creating script environments for hardcap
[           resources] Started resource hardcap
[    c-scripting-core] [0mCreating script environments for baseevents
[           resources] Started resource baseevents
[    c-scripting-core] Creating script environments for oxmysql
[           resources] Started resource oxmysql
[    c-scripting-core] [97mCreating script environments for qb-core
[      script:qb-core] Warning: Missing phrase for key: "command.dvall.help"
[      script:qb-core] Warning: Missing phrase for key: "command.dvp.help"
[      script:qb-core] Warning: Missing phrase for key: "command.dvo.help"
[           resources] Started resource qb-core
[           resources] [0mStarted resource menuv
[    c-scripting-core] Creating script environments for qb-adminmenu
[           resources] [0mStarted resource qb-adminmenu
[    c-scripting-core] [93mCreating script environments for qb-ambulancejob
[script:qb-ambulancej] [0mWarning: Missing phrase for key: "info.paleto_hospital"
[           resources] Started resource qb-ambulancejob
[           resources] Started resource qb-interior
[    c-scripting-core] Creating script environments for qb-clothing
[           resources] Started resource qb-clothing
[    c-scripting-core] Creating script environments for qb-weathersync
[           resources] Started resource qb-weathersync
[    c-scripting-core] Creating script environments for qb-apartments
[           resources] Started resource qb-apartments
[    c-scripting-core] Creating script environments for qb-banking
[           resources] Started resource qb-banking
[    c-scripting-core] Creating script environments for PolyZone
[           resources] Started resource PolyZone
[    c-scripting-core] [0mCreating script environments for qb-bankrobbery
[           resources] [93mStarted resource qb-bankrobbery
[    c-scripting-core] Creating script environments for qb-busjob
[           resources] Started resource qb-busjob
[    c-scripting-core] Creating script environments for qb-cityhall
[           resources] [93mStarted resource qb-cityhall
[    c-scripting-core] Creating script environments for qb-crafting
[           resources] Started resource qb-crafting
[           resources] Started resource qb-minigames
[    c-scripting-core] Creating script environments for qb-crypto
[           resources] Started resource qb-crypto
[    c-scripting-core] Creating script environments for qb-diving
[           resources] Started resource qb-diving
[    c-scripting-core] Creating script environments for qb-doorlock
[           resources] Started resource qb-doorlock
[    c-scripting-core] [0mCreating script environments for qb-drugs
[           resources] Started resource qb-drugs
[    c-scripting-core] Creating script environments for qb-garages
[           resources] Started resource qb-garages
[    c-scripting-core] [0mCreating script environments for qb-garbagejob
[           resources] [0mStarted resource qb-garbagejob
[    c-scripting-core] Creating script environments for qb-hotdogjob
[           resources] [93mStarted resource qb-hotdogjob
[    c-scripting-core] Creating script environments for qb-houserobbery
[           resources] [0mStarted resource qb-houserobbery
[    c-scripting-core] Creating script environments for qb-houses
[           resources] [93mStarted resource qb-houses
[    c-scripting-core] Creating script environments for qb-hud
[           resources] [0mStarted resource qb-hud
[           resources] Started resource qb-input
[    c-scripting-core] Creating script environments for qb-weapons
[           resources] [0mStarted resource qb-weapons
[    c-scripting-core] Creating script environments for qb-inventory
[           resources] [0mStarted resource qb-inventory
[    c-scripting-core] Creating script environments for qb-jewelery
[           resources] Started resource qb-jewelery
[    c-scripting-core] Creating script environments for qb-lapraces
[           resources] [0mStarted resource qb-lapraces
[           resources] Started resource qb-loading
[    c-scripting-core] Creating script environments for qb-management
[           resources] Started resource qb-management
[    c-scripting-core] Creating script environments for qb-mechanicjob
[           resources] Started resource qb-mechanicjob
[           resources] Started resource qb-menu
[    c-scripting-core] Creating script environments for qb-spawn
[           resources] Started resource qb-spawn
[    c-scripting-core] Creating script environments for qb-multicharacter
[           resources] Started resource qb-multicharacter
[    c-scripting-core] [93mCreating script environments for qb-newsjob
[           resources] Started resource qb-newsjob
[    c-scripting-core] Creating script environments for qb-pawnshop
[           resources] Started resource qb-pawnshop
[    c-scripting-core] Creating script environments for qb-phone
[           resources] Started resource qb-phone
[    c-scripting-core] Creating script environments for qb-policejob
[           resources] [0mStarted resource qb-policejob
[    c-scripting-core] Creating script environments for qb-prison
[           resources] Started resource qb-prison
[    c-scripting-core] Creating script environments for qb-radialmenu
[           resources] Started resource qb-radialmenu
[    c-scripting-core] Creating script environments for qb-recyclejob
[           resources] Started resource qb-recyclejob
[    c-scripting-core] Creating script environments for qb-scoreboard
[           resources] Started resource qb-scoreboard
[    c-scripting-core] Creating script environments for qb-scrapyard
[           resources] Started resource qb-scrapyard
[    c-scripting-core] Creating script environments for qb-shops
[           resources] Started resource qb-shops
[    c-scripting-core] Creating script environments for qb-smallresources
[           resources] [0mStarted resource qb-smallresources
[    c-scripting-core] Creating script environments for qb-storerobbery
[           resources] Started resource qb-storerobbery
[    c-scripting-core] Creating script environments for qb-streetraces
[           resources] Started resource qb-streetraces
[           resources] Started resource qb-target
[    c-scripting-core] Creating script environments for qb-taxijob
[           resources] Started resource qb-taxijob
[    c-scripting-core] [0mCreating script environments for qb-towjob
[           resources] Started resource qb-towjob
[    c-scripting-core] Creating script environments for qb-truckrobbery
[           resources] Started resource qb-truckrobbery
[    c-scripting-core] Creating script environments for qb-vehiclekeys
[           resources] [93mStarted resource qb-vehiclekeys
[    c-scripting-core] Creating script environments for qb-vehiclesales
[           resources] Started resource qb-vehiclesales
[    c-scripting-core] Creating script environments for qb-vehicleshop
[           resources] Started resource qb-vehicleshop
[    c-scripting-core] Creating script environments for qb-vineyard
[           resources] [0mStarted resource qb-vineyard
[    c-scripting-core] Creating script environments for qb-weed
[           resources] Started resource qb-weed
[    c-scripting-core] Creating script environments for LegacyFuel
[           resources] Started resource LegacyFuel
[           resources] Started resource bob74_ipl
[    c-scripting-core] Creating script environments for connectqueue
[ script:connectqueue] QUEUE:  [connectqueue] Disabling hardcap 
[           resources] Stopping resource hardcap
[           resources] Started resource connectqueue
[    c-scripting-core] Creating script environments for interact-sound
[           resources] Started resource interact-sound
[           resources] Started resource progressbar
[           resources] Started resource safecracker
[    c-scripting-core] [0mCreating script environments for yarn
[           resources] Started resource yarn
[    c-scripting-core] Creating script environments for webpack
[           resources] Started resource webpack
[ citizen-server-impl] Running build tasks on resource screenshot-basic - it'll restart once completed.
[ citizen-server-impl] [0mCouldn't start resource screenshot-basic.
[38;5;161m[    c-scripting-core] Creating script environments for pma-voice
[           resources] [0mStarted resource pma-voice
[    c-scripting-core] Creating script environments for qb-radio
[           resources] Started resource qb-radio
[38;5;208m[resources:OriginalMa] Warning: could not find file `stream/*/**` (defined in fxmanifest.lua:6)
[resources:OriginalMa] Warning: could not find file `stream/*/*/**` (defined in fxmanifest.lua:6)
[resources:OriginalMa] Warning: could not find file `stream/*/*/*/**` (defined in fxmanifest.lua:6)
[resources:OriginalMa] Asset OriginalMaps1/bs_int_txd.ytd uses 18.8 MiB of physical memory.
[resources:OriginalMa] Asset OriginalMaps1/cs6_04_prison+hi.ytd uses 21.2 MiB of physical memory.
[resources:OriginalMa] Asset OriginalMaps1/cs6_04_prison.ytd uses 17.4 MiB of physical memory.
[resources:OriginalMa] Asset OriginalMaps1/gabz_mrpd_txd.ytd uses 38.5 MiB of physical memory.
[resources:OriginalMa] Asset OriginalMaps1/italy_texture.ytd uses 16.7 MiB of physical memory.
[resources:OriginalMa] Asset OriginalMaps1/prison_cells_wall_details1_lower.ydr uses 18.0 MiB of physical memory.
[resources:OriginalMa] Asset OriginalMaps1/prison_cells_wall_details1_upper.ydr uses 20.0 MiB of physical memory.
[resources:OriginalMa] Asset OriginalMaps1/texturenews.ytd uses 24.3 MiB of physical memory.
[           resources] Started resource OriginalMaps1 (11 warnings)
[ citizen-server-impl] sync thread hitch warning: timer interval of 106 milliseconds
[resources:OriginalMa] Asset OriginalMaps2/mai_dop_tt.ytd uses 23.5 MiB of physical memory.
[resources:OriginalMa] Asset OriginalMaps2/po1_03+hi.ytd uses 35.2 MiB of physical memory.
[resources:OriginalMa] Asset OriginalMaps2/port_garage_int.ydr uses 19.5 MiB of physical memory.
[resources:OriginalMa] Asset OriginalMaps2/sc1_04_bld_03.ydr uses 17.5 MiB of physical memory.
[resources:OriginalMa] Asset OriginalMaps2/shmann_ehos_textures.ytd uses 22.9 MiB of physical memory.
[resources:OriginalMa] Asset OriginalMaps2/shmann_hospital_props.ytd uses 24.0 MiB of physical memory.
[resources:OriginalMa] Asset OriginalMaps2/texturetaxi.ytd uses 19.1 MiB of physical memory.
[resources:OriginalMa] Asset OriginalMaps2/uj_vwint03_garage_shell.ydr uses 21.0 MiB of physical memory.
[resources:OriginalMa] Asset OriginalMaps2/v_19_stripclub.ytd uses 23.0 MiB of physical memory.
[           resources] Started resource OriginalMaps2 (9 warnings)
[resources:OriginalMa] Warning: could not find file `stream/Hospital/pillbox_hill.ymt` (defined in fxmanifest.lua:5)
[resources:OriginalMa] Warning: could not find file `stream/Hospital/ymt/downtown.ymt` (defined in fxmanifest.lua:5)
[resources:OriginalMa] Asset OriginalMaps3/bam_vespmech_props_txt.ytd uses 16.8 MiB of physical memory.
[resources:OriginalMa] Asset OriginalMaps3/cs1_03_consgrnd.ydr uses 18.0 MiB of physical memory.
[resources:OriginalMa] Asset OriginalMaps3/denis3d_tunershop_txd.ytd uses 17.2 MiB of physical memory.
[resources:OriginalMa] Asset OriginalMaps3/dnx_chiliadtown.ytd uses 57.5 MiB of physical memory. Oversized assets can and WILL lead to streaming issues (such as models not loading/rendering).
[resources:OriginalMa] Asset OriginalMaps3/gabz_pdprops01_txd.ytd uses 27.5 MiB of physical memory.
[resources:OriginalMa] Asset OriginalMaps3/ranchoroom9.ydr uses 19.5 MiB of physical memory.
[resources:OriginalMa] Asset OriginalMaps3/v_56_ranch_shell.ydr uses 23.0 MiB of physical memory.
[           resources] Started resource OriginalMaps3 (9 warnings)
[resources:OriginalMa] Asset OriginalMaps4/as_autoexotic_txt.ytd uses 22.5 MiB of physical memory.
[resources:OriginalMa] Asset OriginalMaps4/beach_tiki_bar_01.ydr uses 17.0 MiB of physical memory.
[resources:OriginalMa] Asset OriginalMaps4/ccsupermod_txd.ytd uses 29.1 MiB of physical memory.
[resources:OriginalMa] Asset OriginalMaps4/chuz_is_gas_txd.ytd uses 27.0 MiB of physical memory.
[resources:OriginalMa] Asset OriginalMaps4/dep_rockinghamtex.ytd uses 23.0 MiB of physical memory.
[resources:OriginalMa] Asset OriginalMaps4/labo.ytd uses 30.1 MiB of physical memory.
[resources:OriginalMa] Asset OriginalMaps4/rdzk_r_chinese_seul_txd.ytd uses 18.0 MiB of physical memory.
[           resources] Started resource OriginalMaps4 (7 warnings)
[           resources] Started resource hospital_map
[ citizen-server-impl] Couldn't find resource category [OriginalCity].
[         script:yarn] [0m[yarn]	yarn install v1.22.5
[         script:yarn] [1/4] Resolving packages...
[         script:yarn] [2/4] Fetching packages...
[         script:yarn] info fsevents@2.3.1: The platform "win32" is incompatible with this module.
[         script:yarn] info "fsevents@2.3.1" is an optional dependency and failed compatibility check. Excluding it from installation.
[         script:yarn] info fsevents@1.2.13: The platform "win32" is incompatible with this module.
[         script:yarn] info "fsevents@1.2.13" is an optional dependency and failed compatibility check. Excluding it from installation.
[         script:yarn] [3/4] Linking dependencies...
[         script:yarn] Error: [yarn]	C:\Original-City-Qbcore\Server\resources\[cfx-default]\[system]\[builders]\yarn\yarn_cli.js:89153
[         script:yarn]     compromised = compromised || function (err) { throw err; };
[         script:yarn]                                                   ^
[         script:yarn] 
[         script:yarn] Error: Unable to update lock within the stale threshold
[         script:yarn]     at C:\Original-City-Qbcore\Server\resources\[cfx-default]\[system]\[builders]\yarn\yarn_cli.js:89075:66
[         script:yarn]     at FSReqCallback.oncomplete (node:fs:188:23) {
[38;5;151m[         script:yarn]   code: 'ECOMPROMISED'
[         script:yarn] }
[ citizen-server-impl] Building resource screenshot-basic failed.
[ citizen-server-impl] Error data: yarn failed!
[   script:mapmanager] Started map fivem-map-skater
[           resources] Started resource fivem-map-skater
[      script:oxmysql] [0m[10.4.32-MariaDB] Database server connection established!
[ citizen-server-impl]         fff                          
[ citizen-server-impl]   cccc ff   xx  xx     rr rr    eee  
[ citizen-server-impl] cc     ffff   xx       rrr  r ee   e 
[ citizen-server-impl] [91mcc     ff     xx   ... rr     eeeee  
[ citizen-server-impl]  ccccc ff   xx  xx ... rr      eeeee 
[ citizen-server-impl]                                      
[ citizen-server-impl] Authenticated with cfx.re Nucleus: https://pedrolucas874-v7zbvk.users.cfx.re/
> txaEvent "adminsUpdated" "[]"

================================================================
======== FXServer Starting - 30/09/2024 02:26:08                
================================================================
[           resources] Scanning resources.
[           resources] Found 98 resources.
[          svadhesive] Authenticating server license key...
[          svadhesive] Server license key authentication succeeded. Welcome!
[    c-scripting-core] Creating script environments for sessionmanager
[           resources] [0mStarted resource sessionmanager
[    c-scripting-core] [0mCreating script environments for monitor
[      script:monitor] [txAdmin] Resource v6.0.2 threads and commands set up. All Ready.
[           resources] [97mStarted resource monitor
[    c-scripting-core] Creating script environments for mapmanager
[           resources] [97mStarted resource mapmanager
[    c-scripting-core] Creating script environments for chat
[           resources] Started resource chat
[           resources] Started resource spawnmanager
[   script:mapmanager] Started gametype Freeroam
[           resources] Started resource basic-gamemode
[    c-scripting-core] Creating script environments for hardcap
[           resources] Started resource hardcap
[    c-scripting-core] Creating script environments for baseevents
[           resources] Started resource baseevents
[    c-scripting-core] Creating script environments for oxmysql
[           resources] Started resource oxmysql
[    c-scripting-core] Creating script environments for qb-core
[      script:qb-core] Warning: Missing phrase for key: "command.dvall.help"
[      script:qb-core] Warning: Missing phrase for key: "command.dvp.help"
[      script:qb-core] Warning: Missing phrase for key: "command.dvo.help"
[           resources] Started resource qb-core
[           resources] Started resource menuv
[    c-scripting-core] Creating script environments for qb-adminmenu
[           resources] Started resource qb-adminmenu
[    c-scripting-core] Creating script environments for qb-ambulancejob
[script:qb-ambulancej] [0mWarning: Missing phrase for key: "info.paleto_hospital"
[           resources] Started resource qb-ambulancejob
[           resources] Started resource qb-interior
[    c-scripting-core] Creating script environments for qb-clothing
[           resources] [0mStarted resource qb-clothing
[    c-scripting-core] [0mCreating script environments for qb-weathersync
[           resources] Started resource qb-weathersync
[    c-scripting-core] Creating script environments for qb-apartments
[           resources] [0mStarted resource qb-apartments
[    c-scripting-core] Creating script environments for qb-banking
[           resources] Started resource qb-banking
[    c-scripting-core] Creating script environments for PolyZone
[           resources] Started resource PolyZone
[    c-scripting-core] [0mCreating script environments for qb-bankrobbery
[           resources] Started resource qb-bankrobbery
[    c-scripting-core] Creating script environments for qb-busjob
[           resources] Started resource qb-busjob
[    c-scripting-core] Creating script environments for qb-cityhall
[           resources] Started resource qb-cityhall
[    c-scripting-core] Creating script environments for qb-crafting
[           resources] Started resource qb-crafting
[           resources] Started resource qb-minigames
[    c-scripting-core] Creating script environments for qb-crypto
[           resources] Started resource qb-crypto
[    c-scripting-core] Creating script environments for qb-diving
[           resources] Started resource qb-diving
[    c-scripting-core] Creating script environments for qb-doorlock
[           resources] Started resource qb-doorlock
[    c-scripting-core] Creating script environments for qb-drugs
[           resources] Started resource qb-drugs
[    c-scripting-core] Creating script environments for qb-garages
[           resources] Started resource qb-garages
[    c-scripting-core] [93mCreating script environments for qb-garbagejob
[38;5;83m[           resources] Started resource qb-garbagejob
[    c-scripting-core] Creating script environments for qb-hotdogjob
[           resources] Started resource qb-hotdogjob
[    c-scripting-core] Creating script environments for qb-houserobbery
[           resources] Started resource qb-houserobbery
[    c-scripting-core] [0mCreating script environments for qb-houses
[           resources] Started resource qb-houses
[    c-scripting-core] Creating script environments for qb-hud
[           resources] Started resource qb-hud
[           resources] Started resource qb-input
[    c-scripting-core] Creating script environments for qb-weapons
[38;5;83m[           resources] Started resource qb-weapons
[    c-scripting-core] Creating script environments for qb-inventory
[           resources] Started resource qb-inventory
[    c-scripting-core] Creating script environments for qb-jewelery
[           resources] Started resource qb-jewelery
[    c-scripting-core] Creating script environments for qb-lapraces
[           resources] Started resource qb-lapraces
[           resources] Started resource qb-loading
[    c-scripting-core] [0mCreating script environments for qb-management
[           resources] Started resource qb-management
[    c-scripting-core] Creating script environments for qb-mechanicjob
[           resources] Started resource qb-mechanicjob
[           resources] Started resource qb-menu
[    c-scripting-core] Creating script environments for qb-spawn
[           resources] Started resource qb-spawn
[    c-scripting-core] [0mCreating script environments for qb-multicharacter
[           resources] Started resource qb-multicharacter
[    c-scripting-core] Creating script environments for qb-newsjob
[           resources] Started resource qb-newsjob
[    c-scripting-core] Creating script environments for qb-pawnshop
[           resources] Started resource qb-pawnshop
[    c-scripting-core] [0mCreating script environments for qb-phone
[           resources] Started resource qb-phone
[    c-scripting-core] [0mCreating script environments for qb-policejob
[           resources] Started resource qb-policejob
[    c-scripting-core] Creating script environments for qb-prison
[           resources] Started resource qb-prison
[38;5;161m[    c-scripting-core] Creating script environments for qb-radialmenu
[           resources] Started resource qb-radialmenu
[    c-scripting-core] Creating script environments for qb-recyclejob
[           resources] Started resource qb-recyclejob
[    c-scripting-core] Creating script environments for qb-scoreboard
[           resources] Started resource qb-scoreboard
[    c-scripting-core] Creating script environments for qb-scrapyard
[           resources] Started resource qb-scrapyard
[    c-scripting-core] Creating script environments for qb-shops
[           resources] Started resource qb-shops
[    c-scripting-core] Creating script environments for qb-smallresources
[           resources] Started resource qb-smallresources
[    c-scripting-core] Creating script environments for qb-storerobbery
[           resources] Started resource qb-storerobbery
[    c-scripting-core] Creating script environments for qb-streetraces
[           resources] Started resource qb-streetraces
[           resources] Started resource qb-target
[    c-scripting-core] Creating script environments for qb-taxijob
[           resources] Started resource qb-taxijob
[    c-scripting-core] Creating script environments for qb-towjob
[           resources] Started resource qb-towjob
[    c-scripting-core] [93mCreating script environments for qb-truckrobbery
[           resources] [93mStarted resource qb-truckrobbery
[    c-scripting-core] [93mCreating script environments for qb-vehiclekeys
[           resources] Started resource qb-vehiclekeys
[    c-scripting-core] Creating script environments for qb-vehiclesales
[           resources] Started resource qb-vehiclesales
[    c-scripting-core] Creating script environments for qb-vehicleshop
[           resources] Started resource qb-vehicleshop
[    c-scripting-core] Creating script environments for qb-vineyard
[           resources] Started resource qb-vineyard
[    c-scripting-core] Creating script environments for qb-weed
[           resources] Started resource qb-weed
[    c-scripting-core] Creating script environments for LegacyFuel
[           resources] Started resource LegacyFuel
[           resources] Started resource bob74_ipl
[    c-scripting-core] Creating script environments for connectqueue
[ script:connectqueue] [93mQUEUE:  [connectqueue] Disabling hardcap 
[           resources] Stopping resource hardcap
[           resources] Started resource connectqueue
[    c-scripting-core] Creating script environments for interact-sound
[           resources] Started resource interact-sound
[           resources] Started resource progressbar
[           resources] Started resource safecracker
[38;5;161m[    c-scripting-core] Creating script environments for yarn
[           resources] Started resource yarn
[    c-scripting-core] Creating script environments for webpack
[           resources] Started resource webpack
[ citizen-server-impl] [0mRunning build tasks on resource screenshot-basic - it'll restart once completed.
[ citizen-server-impl] [0mCouldn't start resource screenshot-basic.
[    c-scripting-core] Creating script environments for pma-voice
[           resources] Started resource pma-voice
[    c-scripting-core] Creating script environments for qb-radio
[           resources] Started resource qb-radio
[resources:OriginalMa] Warning: could not find file `stream/*/**` (defined in fxmanifest.lua:6)
[resources:OriginalMa] Warning: could not find file `stream/*/*/**` (defined in fxmanifest.lua:6)
[resources:OriginalMa] Warning: could not find file `stream/*/*/*/**` (defined in fxmanifest.lua:6)
[resources:OriginalMa] Asset OriginalMaps1/bs_int_txd.ytd uses 18.8 MiB of physical memory.
[resources:OriginalMa] Asset OriginalMaps1/cs6_04_prison+hi.ytd uses 21.2 MiB of physical memory.
[resources:OriginalMa] Asset OriginalMaps1/cs6_04_prison.ytd uses 17.4 MiB of physical memory.
[resources:OriginalMa] Asset OriginalMaps1/gabz_mrpd_txd.ytd uses 38.5 MiB of physical memory.
[resources:OriginalMa] Asset OriginalMaps1/italy_texture.ytd uses 16.7 MiB of physical memory.
[resources:OriginalMa] Asset OriginalMaps1/prison_cells_wall_details1_lower.ydr uses 18.0 MiB of physical memory.
[resources:OriginalMa] Asset OriginalMaps1/prison_cells_wall_details1_upper.ydr uses 20.0 MiB of physical memory.
[resources:OriginalMa] Asset OriginalMaps1/texturenews.ytd uses 24.3 MiB of physical memory.
[           resources] Started resource OriginalMaps1 (11 warnings)
[resources:OriginalMa] Asset OriginalMaps2/mai_dop_tt.ytd uses 23.5 MiB of physical memory.
[resources:OriginalMa] Asset OriginalMaps2/po1_03+hi.ytd uses 35.2 MiB of physical memory.
[resources:OriginalMa] Asset OriginalMaps2/port_garage_int.ydr uses 19.5 MiB of physical memory.
[resources:OriginalMa] Asset OriginalMaps2/sc1_04_bld_03.ydr uses 17.5 MiB of physical memory.
[resources:OriginalMa] Asset OriginalMaps2/shmann_ehos_textures.ytd uses 22.9 MiB of physical memory.
[resources:OriginalMa] Asset OriginalMaps2/shmann_hospital_props.ytd uses 24.0 MiB of physical memory.
[resources:OriginalMa] Asset OriginalMaps2/texturetaxi.ytd uses 19.1 MiB of physical memory.
[resources:OriginalMa] Asset OriginalMaps2/uj_vwint03_garage_shell.ydr uses 21.0 MiB of physical memory.
[resources:OriginalMa] Asset OriginalMaps2/v_19_stripclub.ytd uses 23.0 MiB of physical memory.
[           resources] Started resource OriginalMaps2 (9 warnings)
[resources:OriginalMa] Warning: could not find file `stream/Hospital/pillbox_hill.ymt` (defined in fxmanifest.lua:5)
[resources:OriginalMa] Warning: could not find file `stream/Hospital/ymt/downtown.ymt` (defined in fxmanifest.lua:5)
[resources:OriginalMa] Asset OriginalMaps3/bam_vespmech_props_txt.ytd uses 16.8 MiB of physical memory.
[resources:OriginalMa] Asset OriginalMaps3/cs1_03_consgrnd.ydr uses 18.0 MiB of physical memory.
[resources:OriginalMa] Asset OriginalMaps3/denis3d_tunershop_txd.ytd uses 17.2 MiB of physical memory.
[resources:OriginalMa] Asset OriginalMaps3/dnx_chiliadtown.ytd uses 57.5 MiB of physical memory. Oversized assets can and WILL lead to streaming issues (such as models not loading/rendering).
[resources:OriginalMa] Asset OriginalMaps3/gabz_pdprops01_txd.ytd uses 27.5 MiB of physical memory.
[resources:OriginalMa] Asset OriginalMaps3/ranchoroom9.ydr uses 19.5 MiB of physical memory.
[resources:OriginalMa] Asset OriginalMaps3/v_56_ranch_shell.ydr uses 23.0 MiB of physical memory.
[           resources] Started resource OriginalMaps3 (9 warnings)
[resources:OriginalMa] Asset OriginalMaps4/as_autoexotic_txt.ytd uses 22.5 MiB of physical memory.
[resources:OriginalMa] Asset OriginalMaps4/beach_tiki_bar_01.ydr uses 17.0 MiB of physical memory.
[38;5;105m[resources:OriginalMa] Asset OriginalMaps4/ccsupermod_txd.ytd uses 29.1 MiB of physical memory.
[resources:OriginalMa] Asset OriginalMaps4/chuz_is_gas_txd.ytd uses 27.0 MiB of physical memory.
[resources:OriginalMa] Asset OriginalMaps4/dep_rockinghamtex.ytd uses 23.0 MiB of physical memory.
[resources:OriginalMa] Asset OriginalMaps4/labo.ytd uses 30.1 MiB of physical memory.
[resources:OriginalMa] Asset OriginalMaps4/rdzk_r_chinese_seul_txd.ytd uses 18.0 MiB of physical memory.
[           resources] Started resource OriginalMaps4 (7 warnings)
[           resources] Started resource hospital_map
[38;5;73m[ citizen-server-impl] Couldn't find resource category [OriginalCity].
[         script:yarn] [yarn]	yarn install v1.22.5
[         script:yarn] [1/4] Resolving packages...
[         script:yarn] [2/4] Fetching packages...
[         script:yarn] info fsevents@2.3.1: The platform "win32" is incompatible with this module.
[         script:yarn] info "fsevents@2.3.1" is an optional dependency and failed compatibility check. Excluding it from installation.
[         script:yarn] info fsevents@1.2.13: The platform "win32" is incompatible with this module.
[         script:yarn] info "fsevents@1.2.13" is an optional dependency and failed compatibility check. Excluding it from installation.
[         script:yarn] [3/4] Linking dependencies...
[   script:mapmanager] Started map fivem-map-skater
[           resources] Started resource fivem-map-skater
[      script:oxmysql] [10.4.32-MariaDB] Database server connection established!
[         script:yarn] Error: [yarn]	C:\Original-City-Qbcore\Server\resources\[cfx-default]\[system]\[builders]\yarn\yarn_cli.js:89153
[         script:yarn]     compromised = compromised || function (err) { throw err; };
[         script:yarn]                                                   ^
[         script:yarn] 
[         script:yarn] Error: Unable to update lock within the stale threshold
[         script:yarn]     at C:\Original-City-Qbcore\Server\resources\[cfx-default]\[system]\[builders]\yarn\yarn_cli.js:89075:66
[         script:yarn]     at FSReqCallback.oncomplete (node:fs:188:23) {
[         script:yarn]   code: 'ECOMPROMISED'
[38;5;151m[         script:yarn] }
[ citizen-server-impl]         fff                          
[ citizen-server-impl]   cccc ff   xx  xx     rr rr    eee  
[ citizen-server-impl] cc     ffff   xx       rrr  r ee   e 
[ citizen-server-impl] cc     ff     xx   ... rr     eeeee  
[ citizen-server-impl]  ccccc ff   xx  xx ... rr      eeeee 
[ citizen-server-impl]                                      
[ citizen-server-impl] Authenticated with cfx.re Nucleus: https://pedrolucas874-v7zbvk.users.cfx.re/
[ citizen-server-impl] [0mBuilding resource screenshot-basic failed.
[ citizen-server-impl] Error data: yarn failed!
