
================================================================
======== txAdmin Starting - 05/10/2024 00:08:44                 
================================================================

================================================================
======== Log Rotated - 05/10/2024 00:08:45                      
================================================================
[00:09:16] txAdmin: Logger started

================================================================
======== txAdmin Starting - 05/10/2024 00:16:08                 
================================================================
[00:16:28] txAdmin: Logger started
[00:18:27] [cyWXG#1] PedroLuCas874: joined with identifiers [license:9165b8aac98b47644a38d1082eb1aeea3aab5f52; xbl:2535429261593009; live:914801513036229; discord:340518160627269634; fivem:825440; license2:09afc66b8f22aa306c2c21bc4500784827f1d4f6]
[00:22:57] [cyWXG#1] PedroLuCas874: disconnected (Exiting)

================================================================
======== txAdmin Starting - 05/10/2024 08:18:06                 
================================================================
[08:19:04] txAdmin: Logger started
[08:38:33] [Yk6Hn#1] PedroLuCas874: joined with identifiers [license:9165b8aac98b47644a38d1082eb1aeea3aab5f52; xbl:2535429261593009; live:914801513036229; discord:340518160627269634; fivem:825440; license2:09afc66b8f22aa306c2c21bc4500784827f1d4f6]
[09:49:01] [Yk6Hn#1] PedroLuCas874: said "/hud"
[10:33:36] [Yk6Hn#1] PedroLuCas874: died from suicide (Falling)
[12:16:38] [Yk6Hn#1] PedroLuCas874: said "/a/dmin"
[13:00:24] [Yk6Hn#1] PedroLuCas874: said "/god"
[13:01:35] [Yk6Hn#1] PedroLuCas874: disconnected (Exiting)

================================================================
======== txAdmin Starting - 05/10/2024 13:19:51                 
================================================================
[13:20:19] txAdmin: Logger started
[13:22:04] [DgCtT#1] PedroLuCas874: joined with identifiers [license:9165b8aac98b47644a38d1082eb1aeea3aab5f52; xbl:2535429261593009; live:914801513036229; discord:340518160627269634; fivem:825440; license2:09afc66b8f22aa306c2c21bc4500784827f1d4f6]
[13:23:48] [DgCtT#1] PedroLuCas874: died from suicide (Falling)
[13:28:04] [DgCtT#1] PedroLuCas874: disconnected (Exiting)
[13:28:52] [DgCtT#2] PedroLuCas874: joined with identifiers [license:9165b8aac98b47644a38d1082eb1aeea3aab5f52; xbl:2535429261593009; live:914801513036229; discord:340518160627269634; fivem:825440; license2:09afc66b8f22aa306c2c21bc4500784827f1d4f6]
[13:40:40] [DgCtT#2] PedroLuCas874: died from suicide (Fist)

================================================================
======== txAdmin Starting - 05/10/2024 16:54:16                 
================================================================
[16:55:24] txAdmin: Logger started
[16:56:26] [Ad4KR#1] PedroLuCas874: joined with identifiers [license:9165b8aac98b47644a38d1082eb1aeea3aab5f52; xbl:2535429261593009; live:914801513036229; discord:340518160627269634; fivem:825440; license2:09afc66b8f22aa306c2c21bc4500784827f1d4f6]
[17:23:39] [Ad4KR#1] PedroLuCas874: died from suicide (Falling)
[18:05:47] [Ad4KR#1] PedroLuCas874: said "/cllear"
[18:39:14] [Ad4KR#1] PedroLuCas874: said "/-gearUp"
[18:39:16] [Ad4KR#1] PedroLuCas874: said "/-gearUp"
[18:39:18] [Ad4KR#1] PedroLuCas874: said "/-gearUp"
[18:39:19] [Ad4KR#1] PedroLuCas874: said "/-gearUp"
[18:39:22] [Ad4KR#1] PedroLuCas874: said "/-gearDown"
[18:39:22] [Ad4KR#1] PedroLuCas874: said "/-gearDown"
[18:39:26] [Ad4KR#1] PedroLuCas874: said "/-gearUp"
[18:39:27] [Ad4KR#1] PedroLuCas874: said "/-gearDown"
[18:39:28] [Ad4KR#1] PedroLuCas874: said "/-gearDown"
[18:39:31] [Ad4KR#1] PedroLuCas874: said "/-gearUp"
[18:39:33] [Ad4KR#1] PedroLuCas874: said "/-gearUp"
[18:39:33] [Ad4KR#1] PedroLuCas874: said "/-gearDown"
[18:39:34] [Ad4KR#1] PedroLuCas874: said "/-gearDown"
[18:39:41] [Ad4KR#1] PedroLuCas874: said "/-gearUp"
[18:40:25] [Ad4KR#1] PedroLuCas874: said "/-gearUp"
[18:40:30] [Ad4KR#1] PedroLuCas874: said "/-gearUp"
[18:40:39] [Ad4KR#1] PedroLuCas874: said "/-gearDown"
[18:40:39] [Ad4KR#1] PedroLuCas874: said "/-gearDown"
[18:40:45] [Ad4KR#1] PedroLuCas874: said "/-gearUp"
[18:54:28] [Ad4KR#1] PedroLuCas874: said "/-gearUp"
[18:54:44] [Ad4KR#1] PedroLuCas874: said "/-gearUp"

================================================================
======== txAdmin Starting - 05/10/2024 19:43:02                 
================================================================
[19:43:24] txAdmin: Logger started
[19:44:29] [8cfXb#1] PedroLuCas874: joined with identifiers [license:9165b8aac98b47644a38d1082eb1aeea3aab5f52; xbl:2535429261593009; live:914801513036229; discord:340518160627269634; fivem:825440; license2:09afc66b8f22aa306c2c21bc4500784827f1d4f6]
[19:53:44] [8cfXb#1] PedroLuCas874: died from suicide (Falling)
[19:55:50] [8cfXb#1] PedroLuCas874: disconnected (Exiting)

================================================================
======== txAdmin Starting - 05/10/2024 20:03:09                 
================================================================
[20:04:04] txAdmin: Logger started

================================================================
======== txAdmin Starting - 05/10/2024 20:04:43                 
================================================================
[20:05:03] txAdmin: Logger started
[20:05:46] [xyFQz#1] PedroLuCas874: joined with identifiers [license:9165b8aac98b47644a38d1082eb1aeea3aab5f52; xbl:2535429261593009; live:914801513036229; discord:340518160627269634; fivem:825440; license2:09afc66b8f22aa306c2c21bc4500784827f1d4f6]
[20:07:47] [xyFQz#1] PedroLuCas874: said "/hib"
[20:08:07] [xyFQz#1] PedroLuCas874: disconnected (Exiting)
[20:08:50] [xyFQz#2] PedroLuCas874: joined with identifiers [license:9165b8aac98b47644a38d1082eb1aeea3aab5f52; xbl:2535429261593009; live:914801513036229; discord:340518160627269634; fivem:825440; license2:09afc66b8f22aa306c2c21bc4500784827f1d4f6]
[20:45:30] [xyFQz#2] PedroLuCas874: disconnected (Exiting)

================================================================
======== txAdmin Starting - 05/10/2024 23:22:11                 
================================================================
[23:23:13] txAdmin: Logger started
[23:24:08] [bRUJx#1] PedroLuCas874: joined with identifiers [license:9165b8aac98b47644a38d1082eb1aeea3aab5f52; xbl:2535429261593009; live:914801513036229; discord:340518160627269634; fivem:825440; license2:09afc66b8f22aa306c2c21bc4500784827f1d4f6]
[23:26:14] [bRUJx#1] PedroLuCas874: said "/a"
[23:26:17] [bRUJx#1] PedroLuCas874: said "/gta"
[23:26:20] [bRUJx#1] PedroLuCas874: said "/say rf"
[23:27:02] [bRUJx#1] PedroLuCas874: said "/jobset"
[23:48:31] [bRUJx#1] PedroLuCas874: said "/hud"
