
================================================================
======== txAdmin Starting - 30/09/2024 02:03:18                 
================================================================
[02:11:23] txAdmin: Logger started

================================================================
======== txAdmin Starting - 30/09/2024 02:20:46                 
================================================================
[02:22:13] txAdmin: Logger started

================================================================
======== txAdmin Starting - 30/09/2024 02:25:58                 
================================================================
[02:26:24] txAdmin: Logger started

================================================================
======== txAdmin Starting - 30/09/2024 08:43:04                 
================================================================
[08:44:05] txAdmin: Logger started
[08:54:54] txAdmin: Logger started
[08:59:18] [yc9tc#1] PedroLuCas874: joined with identifiers [license:9165b8aac98b47644a38d1082eb1aeea3aab5f52; xbl:2535429261593009; live:914801513036229; discord:340518160627269634; fivem:825440; license2:09afc66b8f22aa306c2c21bc4500784827f1d4f6]
[09:11:50] [yc9tc#1] PedroLuCas874: disconnected (Exiting)
[13:15:14] [yc9tc#2] PedroLuCas874: joined with identifiers [license:9165b8aac98b47644a38d1082eb1aeea3aab5f52; xbl:2535429261593009; live:914801513036229; discord:340518160627269634; fivem:825440; license2:09afc66b8f22aa306c2c21bc4500784827f1d4f6]
[13:49:38] [yc9tc#2] PedroLuCas874: disconnected (Exiting)

================================================================
======== txAdmin Starting - 30/09/2024 14:09:59                 
================================================================
[14:10:19] txAdmin: Logger started
[14:11:35] [BmBKJ#1] PedroLuCas874: joined with identifiers [license:9165b8aac98b47644a38d1082eb1aeea3aab5f52; xbl:2535429261593009; live:914801513036229; discord:340518160627269634; fivem:825440; license2:09afc66b8f22aa306c2c21bc4500784827f1d4f6]
[14:34:26] [BmBKJ#1] PedroLuCas874: disconnected (Exiting)

================================================================
======== txAdmin Starting - 30/09/2024 18:36:00                 
================================================================
[18:36:24] txAdmin: Logger started
[18:48:19] [TDfic#1] PedroLuCas874: joined with identifiers [license:9165b8aac98b47644a38d1082eb1aeea3aab5f52; xbl:2535429261593009; live:914801513036229; discord:340518160627269634; fivem:825440; license2:09afc66b8f22aa306c2c21bc4500784827f1d4f6]
[18:51:46] [TDfic#1] PedroLuCas874: disconnected (Exiting)

================================================================
======== txAdmin Starting - 30/09/2024 19:46:19                 
================================================================
[19:46:39] txAdmin: Logger started

================================================================
======== txAdmin Starting - 30/09/2024 19:56:53                 
================================================================
[19:57:13] txAdmin: Logger started
[19:57:55] [zreVw#1] PedroLuCas874: joined with identifiers [license:9165b8aac98b47644a38d1082eb1aeea3aab5f52; xbl:2535429261593009; live:914801513036229; discord:340518160627269634; fivem:825440; license2:09afc66b8f22aa306c2c21bc4500784827f1d4f6]
[19:59:09] [zreVw#1] PedroLuCas874: said "/a"
[19:59:09] [zreVw#1] PedroLuCas874: said "/a"
[19:59:11] [zreVw#1] PedroLuCas874: said "/asgfasgf"
[19:59:11] [zreVw#1] PedroLuCas874: said "/asgfasgf"
[19:59:17] [zreVw#1] PedroLuCas874: said "/s"
[19:59:17] [zreVw#1] PedroLuCas874: said "/s"
[20:02:31] [zreVw#1] PedroLuCas874: said "/]]"
[20:02:31] [zreVw#1] PedroLuCas874: said "/]]"
[20:02:32] [zreVw#1] PedroLuCas874: said "c"
[20:02:32] [zreVw#1] PedroLuCas874: said "c"
[20:03:01] [zreVw#1] PedroLuCas874: said "/รง"
[20:03:01] [zreVw#1] PedroLuCas874: said "/รง"
[20:03:04] [zreVw#1] PedroLuCas874: said "/p"
[20:03:04] [zreVw#1] PedroLuCas874: said "/p"
[20:03:05] [zreVw#1] PedroLuCas874: disconnected (Exiting)

================================================================
======== txAdmin Starting - 30/09/2024 20:08:09                 
================================================================
[20:08:30] txAdmin: Logger started
[20:11:43] [L7tyB#1] PedroLuCas874: joined with identifiers [license:9165b8aac98b47644a38d1082eb1aeea3aab5f52; xbl:2535429261593009; live:914801513036229; discord:340518160627269634; fivem:825440; license2:09afc66b8f22aa306c2c21bc4500784827f1d4f6]
[20:12:22] [L7tyB#1] PedroLuCas874: disconnected (Exiting)

================================================================
======== txAdmin Starting - 30/09/2024 20:20:49                 
================================================================
[20:21:09] txAdmin: Logger started
[20:21:45] [yMHrJ#1] PedroLuCas874: joined with identifiers [license:9165b8aac98b47644a38d1082eb1aeea3aab5f52; xbl:2535429261593009; live:914801513036229; discord:340518160627269634; fivem:825440; license2:09afc66b8f22aa306c2c21bc4500784827f1d4f6]
[20:22:35] [yMHrJ#1] PedroLuCas874: disconnected (Exiting)

================================================================
======== txAdmin Starting - 30/09/2024 20:36:18                 
================================================================
[20:36:37] txAdmin: Logger started
[20:37:19] [a6HnY#1] PedroLuCas874: joined with identifiers [license:9165b8aac98b47644a38d1082eb1aeea3aab5f52; xbl:2535429261593009; live:914801513036229; discord:340518160627269634; fivem:825440; license2:09afc66b8f22aa306c2c21bc4500784827f1d4f6]
[20:38:33] [a6HnY#1] PedroLuCas874: said "/a"
[20:38:38] [a6HnY#1] PedroLuCas874: said "/sfasfasfas"
[20:38:40] [a6HnY#1] PedroLuCas874: said "/asgflag"
[20:44:09] [a6HnY#1] PedroLuCas874: said "/qui"
[20:44:10] [a6HnY#1] PedroLuCas874: disconnected (Exiting)

================================================================
======== txAdmin Starting - 30/09/2024 21:53:19                 
================================================================
[21:54:20] txAdmin: Logger started
[21:55:17] [yaFRt#1] PedroLuCas874: joined with identifiers [license:9165b8aac98b47644a38d1082eb1aeea3aab5f52; xbl:2535429261593009; live:914801513036229; discord:340518160627269634; fivem:825440; license2:09afc66b8f22aa306c2c21bc4500784827f1d4f6]
[22:03:09] [yaFRt#1] PedroLuCas874: disconnected (Exiting)

================================================================
======== txAdmin Starting - 30/09/2024 22:06:18                 
================================================================
[22:06:39] txAdmin: Logger started
[22:07:36] [f3WkV#1] PedroLuCas874: joined with identifiers [license:9165b8aac98b47644a38d1082eb1aeea3aab5f52; xbl:2535429261593009; live:914801513036229; discord:340518160627269634; fivem:825440; license2:09afc66b8f22aa306c2c21bc4500784827f1d4f6]
[22:15:04] [f3WkV#1] PedroLuCas874: said "/god"
[22:25:45] [f3WkV#1] PedroLuCas874: died from suicide
[22:25:50] [f3WkV#1] PedroLuCas874: said "/god"
[22:26:26] [f3WkV#1] PedroLuCas874: disconnected (Exiting)
[22:27:14] [f3WkV#2] PedroLuCas874: joined with identifiers [license:9165b8aac98b47644a38d1082eb1aeea3aab5f52; xbl:2535429261593009; live:914801513036229; discord:340518160627269634; fivem:825440; license2:09afc66b8f22aa306c2c21bc4500784827f1d4f6]
[22:30:40] [f3WkV#2] PedroLuCas874: said "/a"
[22:30:42] [f3WkV#2] PedroLuCas874: said "/gagas"
[22:32:03] [f3WkV#2] PedroLuCas874: disconnected (Exiting)
