
================================================================
======== txAdmin Starting - 04/10/2024 08:49:02                 
================================================================

================================================================
======== Log Rotated - 04/10/2024 08:49:02                      
================================================================
[08:50:09] txAdmin: Logger started
[08:51:30] [NTXFG#1] pedro: joined with identifiers [license:9165b8aac98b47644a38d1082eb1aeea3aab5f52; xbl:2535429261593009; live:914801513036229; discord:340518160627269634; fivem:825440; license2:09afc66b8f22aa306c2c21bc4500784827f1d4f6]
[09:03:16] [NTXFG#1] pedro: died from suicide (Falling)
[09:04:12] [NTXFG#1] pedro: died from suicide
[09:17:00] [NTXFG#1] pedro: disconnected (Exiting)

================================================================
======== txAdmin Starting - 04/10/2024 09:17:16                 
================================================================

================================================================
======== txAdmin Starting - 04/10/2024 09:18:20                 
================================================================
[09:18:44] txAdmin: Logger started
[09:21:37] [mhdjx#1] pedro: joined with identifiers [license:9165b8aac98b47644a38d1082eb1aeea3aab5f52; xbl:2535429261593009; live:914801513036229; discord:340518160627269634; fivem:825440; license2:09afc66b8f22aa306c2c21bc4500784827f1d4f6]
[09:23:03] [mhdjx#1] pedro: said "/nocliop"
[09:23:05] [mhdjx#1] pedro: said "/noclio"
[10:16:54] [mhdjx#1] pedro: died from suicide (Falling)
[10:18:32] [mhdjx#1] pedro: said "/god"
[12:13:54] [mhdjx#1] pedro: died from suicide (Falling)
[14:44:26] [mhdjx#1] pedro: said "/amdin"
[15:47:35] [mhdjx#1] pedro: said "/noclio"
[15:47:37] [mhdjx#1] pedro: said "/noclipp"
[16:14:49] [mhdjx#1] pedro: disconnected (Exiting)

================================================================
======== txAdmin Starting - 04/10/2024 16:27:26                 
================================================================
[16:27:48] txAdmin: Logger started

================================================================
======== txAdmin Starting - 04/10/2024 16:31:11                 
================================================================
[16:31:31] txAdmin: Logger started

================================================================
======== txAdmin Starting - 04/10/2024 16:31:48                 
================================================================
[16:32:08] txAdmin: Logger started
[16:32:48] [mgzFg#1] PedroLuCas874: joined with identifiers [license:9165b8aac98b47644a38d1082eb1aeea3aab5f52; xbl:2535429261593009; live:914801513036229; discord:340518160627269634; fivem:825440; license2:09afc66b8f22aa306c2c21bc4500784827f1d4f6]
[16:43:32] [mgzFg#1] PedroLuCas874: disconnected (Exiting)

================================================================
======== txAdmin Starting - 04/10/2024 16:44:25                 
================================================================
[16:44:48] txAdmin: Logger started
