
================================================================
======== txAdmin Starting - 02/10/2024 12:17:28                 
================================================================

================================================================
======== Log Rotated - 02/10/2024 12:17:28                      
================================================================
[12:18:24] txAdmin: Logger started
[12:20:09] [43Mi4#1] pedro: joined with identifiers [license:9165b8aac98b47644a38d1082eb1aeea3aab5f52; xbl:2535429261593009; live:914801513036229; discord:340518160627269634; fivem:825440; license2:09afc66b8f22aa306c2c21bc4500784827f1d4f6]
[12:22:26] [43Mi4#1] pedro: died from suicide (Falling)
[12:52:28] [43Mi4#1] pedro: died from suicide (Falling)
[12:54:24] [43Mi4#1] pedro: disconnected (Exiting)

================================================================
======== txAdmin Starting - 02/10/2024 13:06:40                 
================================================================
[13:07:01] txAdmin: Logger started
[13:09:54] [M78Gy#1] pedro: joined with identifiers [license:9165b8aac98b47644a38d1082eb1aeea3aab5f52; xbl:2535429261593009; live:914801513036229; discord:340518160627269634; fivem:825440; license2:09afc66b8f22aa306c2c21bc4500784827f1d4f6]
[13:27:33] [M78Gy#1] pedro: said "/removegang"
[13:45:48] [M78Gy#1] pedro: said "/a"
[13:45:55] [M78Gy#1] pedro: said "/aaaaaaa"
[13:46:07] [M78Gy#1] pedro: disconnected (Exiting)

================================================================
======== txAdmin Starting - 02/10/2024 13:59:07                 
================================================================
[13:59:31] txAdmin: Logger started
[14:00:54] [YgaJT#1] pedro: joined with identifiers [license:9165b8aac98b47644a38d1082eb1aeea3aab5f52; xbl:2535429261593009; live:914801513036229; discord:340518160627269634; fivem:825440; license2:09afc66b8f22aa306c2c21bc4500784827f1d4f6]
[14:07:08] [YgaJT#1] pedro: said "/money"
[14:18:45] [YgaJT#1] pedro: disconnected (Exiting)

================================================================
======== txAdmin Starting - 02/10/2024 14:58:14                 
================================================================
[14:59:12] txAdmin: Logger started
[15:01:36] [XDcMJ#1] pedro: joined with identifiers [license:9165b8aac98b47644a38d1082eb1aeea3aab5f52; xbl:2535429261593009; live:914801513036229; discord:340518160627269634; fivem:825440; license2:09afc66b8f22aa306c2c21bc4500784827f1d4f6]
[15:10:21] [XDcMJ#1] pedro: said "/-gearUp"
[15:10:23] [XDcMJ#1] pedro: said "/-gearUp"
[15:10:24] [XDcMJ#1] pedro: said "/-gearUp"
[15:10:26] [XDcMJ#1] pedro: said "/-gearDown"
[15:10:41] [XDcMJ#1] pedro: said "/-gearDown"
[15:10:45] [XDcMJ#1] pedro: said "/-gearUp"
[15:10:46] [XDcMJ#1] pedro: said "/-gearDown"
[15:10:49] [XDcMJ#1] pedro: said "/-gearUp"
[15:10:57] [XDcMJ#1] pedro: said "/-gearUp"
[15:10:58] [XDcMJ#1] pedro: said "/-gearDown"
[15:11:03] [XDcMJ#1] pedro: said "/-gearUp"
[15:11:05] [XDcMJ#1] pedro: said "/-gearUp"
[15:11:08] [XDcMJ#1] pedro: said "/-gearUp"
[15:11:12] [XDcMJ#1] pedro: said "/-gearUp"
[15:11:17] [XDcMJ#1] pedro: said "/-gearUp"
[15:11:18] [XDcMJ#1] pedro: said "/-gearUp"
[15:11:19] [XDcMJ#1] pedro: said "/-gearUp"
[15:11:25] [XDcMJ#1] pedro: said "/-gearDown"
[15:11:26] [XDcMJ#1] pedro: said "/-gearDown"
[15:11:27] [XDcMJ#1] pedro: said "/-gearDown"
[15:11:28] [XDcMJ#1] pedro: said "/-gearDown"
[15:11:30] [XDcMJ#1] pedro: said "/-gearDown"
[15:11:32] [XDcMJ#1] pedro: said "/-gearUp"
[15:11:35] [XDcMJ#1] pedro: said "/-gearUp"
[15:11:37] [XDcMJ#1] pedro: said "/-gearUp"
[15:11:37] [XDcMJ#1] pedro: said "/-gearDown"
[15:11:39] [XDcMJ#1] pedro: said "/-gearUp"
[15:11:40] [XDcMJ#1] pedro: said "/-gearDown"
[15:11:41] [XDcMJ#1] pedro: said "/-gearDown"
[15:11:45] [XDcMJ#1] pedro: said "/-gearUp"
[15:11:48] [XDcMJ#1] pedro: said "/-gearUp"
[15:11:49] [XDcMJ#1] pedro: said "/-gearDown"
[15:11:57] [XDcMJ#1] pedro: said "/-gearUp"
[15:11:58] [XDcMJ#1] pedro: said "/-gearDown"
[15:11:59] [XDcMJ#1] pedro: said "/-gearDown"
[15:12:00] [XDcMJ#1] pedro: said "/-gearDown"
[15:12:08] [XDcMJ#1] pedro: said "/-gearUp"
[15:12:09] [XDcMJ#1] pedro: said "/-gearUp"
[15:12:12] [XDcMJ#1] pedro: said "/-gearUp"
[15:12:18] [XDcMJ#1] pedro: said "/-gearDown"
[15:12:18] [XDcMJ#1] pedro: said "/-gearDown"
[15:12:19] [XDcMJ#1] pedro: said "/-gearDown"
[15:12:32] [XDcMJ#1] pedro: said "/-gearUp"
[15:12:38] [XDcMJ#1] pedro: said "/-gearUp"
[15:12:42] [XDcMJ#1] pedro: said "/-gearUp"
[15:12:43] [XDcMJ#1] pedro: said "/-gearDown"
[15:12:44] [XDcMJ#1] pedro: said "/-gearDown"
[15:12:49] [XDcMJ#1] pedro: said "/-gearDown"
[15:12:52] [XDcMJ#1] pedro: said "/-gearUp"
[15:12:54] [XDcMJ#1] pedro: said "/-gearUp"
[15:12:56] [XDcMJ#1] pedro: said "/-gearDown"
[15:12:57] [XDcMJ#1] pedro: said "/-gearDown"
[15:13:06] [XDcMJ#1] pedro: said "/-gearUp"
[15:13:09] [XDcMJ#1] pedro: said "/-gearDown"
[15:13:10] [XDcMJ#1] pedro: said "/-gearDown"
[15:13:12] [XDcMJ#1] pedro: said "/-gearDown"
[15:13:13] [XDcMJ#1] pedro: said "/-gearUp"
[15:13:15] [XDcMJ#1] pedro: said "/-gearDown"
[15:13:20] [XDcMJ#1] pedro: said "/-gearUp"
[15:13:20] [XDcMJ#1] pedro: said "/-gearUp"
[15:13:23] [XDcMJ#1] pedro: said "/-gearDown"
[15:13:23] [XDcMJ#1] pedro: said "/-gearDown"
[15:13:29] [XDcMJ#1] pedro: said "/-gearUp"
[15:13:55] [XDcMJ#1] pedro: said "/-gearUp"
[15:13:57] [XDcMJ#1] pedro: said "/-gearDown"
[15:13:58] [XDcMJ#1] pedro: said "/-gearDown"
[15:14:10] [XDcMJ#1] pedro: said "/-gearUp"
[15:14:14] [XDcMJ#1] pedro: said "/-gearUp"
[15:14:28] [XDcMJ#1] pedro: said "/-gearUp"
[15:14:35] [XDcMJ#1] pedro: said "/-gearUp"
[15:15:22] [XDcMJ#1] pedro: disconnected (Exiting)
[15:16:07] [XDcMJ#2] pedro: joined with identifiers [license:9165b8aac98b47644a38d1082eb1aeea3aab5f52; xbl:2535429261593009; live:914801513036229; discord:340518160627269634; fivem:825440; license2:09afc66b8f22aa306c2c21bc4500784827f1d4f6]
[15:18:14] [XDcMJ#2] pedro: said "/-gearUp"
[15:18:17] [XDcMJ#2] pedro: said "/-gearDown"
[15:18:18] [XDcMJ#2] pedro: said "/-gearDown"
[15:18:50] [XDcMJ#2] pedro: said "/-gearUp"
[15:21:17] [XDcMJ#2] pedro: said "/-gearUp"
[15:21:30] [XDcMJ#2] pedro: said "/-gearUp"
[15:21:31] [XDcMJ#2] pedro: said "/-gearUp"
[15:21:33] [XDcMJ#2] pedro: said "/-gearUp"
[15:21:34] [XDcMJ#2] pedro: said "/-gearDown"
[15:21:35] [XDcMJ#2] pedro: said "/-gearDown"
[15:21:37] [XDcMJ#2] pedro: said "/-gearDown"
[15:21:38] [XDcMJ#2] pedro: said "/-gearUp"
[15:21:39] [XDcMJ#2] pedro: said "/-gearUp"
[15:21:48] [XDcMJ#2] pedro: said "/-gearUp"
[15:21:50] [XDcMJ#2] pedro: said "/-gearDown"
[15:21:50] [XDcMJ#2] pedro: said "/-gearDown"
[15:21:51] [XDcMJ#2] pedro: said "/-gearDown"
[15:21:54] [XDcMJ#2] pedro: said "/-gearUp"
[15:21:55] [XDcMJ#2] pedro: said "/-gearUp"
[15:22:03] [XDcMJ#2] pedro: said "/-gearDown"
[15:22:07] [XDcMJ#2] pedro: said "/-gearUp"
[15:22:08] [XDcMJ#2] pedro: said "/-gearUp"
[15:22:12] [XDcMJ#2] pedro: said "/-gearDown"
[15:22:12] [XDcMJ#2] pedro: said "/-gearDown"
[15:22:13] [XDcMJ#2] pedro: said "/-gearDown"
[15:22:15] [XDcMJ#2] pedro: said "/-gearUp"
[15:22:16] [XDcMJ#2] pedro: said "/-gearDown"
[15:22:42] [XDcMJ#2] pedro: said "/-gearUp"
[15:22:42] [XDcMJ#2] pedro: said "/-gearUp"
[15:22:43] [XDcMJ#2] pedro: said "/-gearUp"
[15:22:45] [XDcMJ#2] pedro: said "/-gearDown"
[15:22:45] [XDcMJ#2] pedro: said "/-gearDown"
[15:22:48] [XDcMJ#2] pedro: said "/-gearUp"
[15:23:02] [XDcMJ#2] pedro: said "/-gearUp"
[15:23:02] [XDcMJ#2] pedro: said "/-gearUp"
[15:23:03] [XDcMJ#2] pedro: said "/-gearUp"
[15:23:04] [XDcMJ#2] pedro: said "/-gearUp"
[15:23:05] [XDcMJ#2] pedro: said "/-gearUp"
[15:23:08] [XDcMJ#2] pedro: said "/-gearDown"
[15:23:10] [XDcMJ#2] pedro: said "/-gearDown"
[15:23:12] [XDcMJ#2] pedro: said "/-gearDown"
[15:23:13] [XDcMJ#2] pedro: said "/-gearDown"
[15:23:15] [XDcMJ#2] pedro: said "/-gearUp"
[15:23:16] [XDcMJ#2] pedro: said "/-gearDown"
[15:23:17] [XDcMJ#2] pedro: said "/-gearUp"
[15:23:21] [XDcMJ#2] pedro: said "/-gearDown"
[15:23:22] [XDcMJ#2] pedro: said "/-gearDown"
[15:23:24] [XDcMJ#2] pedro: said "/-gearUp"
[15:23:26] [XDcMJ#2] pedro: said "/-gearUp"
[15:23:27] [XDcMJ#2] pedro: said "/-gearUp"
[15:23:29] [XDcMJ#2] pedro: said "/-gearDown"
[15:23:30] [XDcMJ#2] pedro: said "/-gearDown"
[15:23:32] [XDcMJ#2] pedro: said "/-gearUp"
[15:23:33] [XDcMJ#2] pedro: said "/-gearDown"
[15:23:35] [XDcMJ#2] pedro: said "/-gearUp"
[15:23:37] [XDcMJ#2] pedro: said "/-gearDown"
[15:23:41] [XDcMJ#2] pedro: said "/-gearDown"
[15:23:42] [XDcMJ#2] pedro: said "/-gearUp"
[15:23:58] [XDcMJ#2] pedro: said "/-gearUp"
[15:23:59] [XDcMJ#2] pedro: said "/-gearUp"
[15:24:00] [XDcMJ#2] pedro: said "/-gearDown"
[15:24:03] [XDcMJ#2] pedro: said "/-gearDown"
[15:24:04] [XDcMJ#2] pedro: said "/-gearUp"
[15:24:06] [XDcMJ#2] pedro: said "/-gearUp"
[15:24:06] [XDcMJ#2] pedro: said "/-gearDown"
[15:24:07] [XDcMJ#2] pedro: said "/-gearDown"
[15:24:13] [XDcMJ#2] pedro: said "/-gearDown"
[15:24:17] [XDcMJ#2] pedro: said "/-gearUp"
[15:24:17] [XDcMJ#2] pedro: said "/-gearUp"
[15:24:23] [XDcMJ#2] pedro: said "/-gearUp"
[15:24:28] [XDcMJ#2] pedro: said "/-gearDown"
[15:24:28] [XDcMJ#2] pedro: said "/-gearDown"
[15:24:28] [XDcMJ#2] pedro: said "/-gearDown"
[15:24:39] [XDcMJ#2] pedro: disconnected (Exiting)

================================================================
======== txAdmin Starting - 02/10/2024 21:13:39                 
================================================================
[21:14:42] txAdmin: Logger started
[21:18:54] [UYUaV#1] pedro: joined with identifiers [license:9165b8aac98b47644a38d1082eb1aeea3aab5f52; xbl:2535429261593009; live:914801513036229; discord:340518160627269634; fivem:825440; license2:09afc66b8f22aa306c2c21bc4500784827f1d4f6]
[21:20:10] [UYUaV#1] pedro: said "/hud"
[21:39:16] [UYUaV#1] pedro: said "/-gearUp"
[21:39:18] [UYUaV#1] pedro: said "/-gearUp"
[21:39:20] [UYUaV#1] pedro: said "/-gearUp"
[21:39:21] [UYUaV#1] pedro: said "/-gearDown"
[21:39:23] [UYUaV#1] pedro: said "/-gearUp"
[21:39:28] [UYUaV#1] pedro: said "/-gearUp"
[21:39:29] [UYUaV#1] pedro: said "/-gearDown"
[21:39:31] [UYUaV#1] pedro: said "/-gearDown"
[21:39:34] [UYUaV#1] pedro: said "/-gearDown"
[21:39:38] [UYUaV#1] pedro: said "/-gearUp"
[21:39:46] [UYUaV#1] pedro: said "/-gearUp"
[21:39:56] [UYUaV#1] pedro: said "/-gearUp"
[21:39:58] [UYUaV#1] pedro: said "/-gearUp"
[21:40:03] [UYUaV#1] pedro: said "/-gearUp"
[21:40:04] [UYUaV#1] pedro: said "/-gearDown"
[21:40:14] [UYUaV#1] pedro: said "/-gearDown"
[21:40:15] [UYUaV#1] pedro: said "/-gearUp"
[21:40:17] [UYUaV#1] pedro: said "/-gearUp"
[21:40:18] [UYUaV#1] pedro: said "/-gearDown"
[21:40:19] [UYUaV#1] pedro: said "/-gearDown"
[21:40:25] [UYUaV#1] pedro: said "/-gearDown"
[21:40:26] [UYUaV#1] pedro: said "/-gearDown"
[21:40:27] [UYUaV#1] pedro: said "/-gearDown"
[21:40:28] [UYUaV#1] pedro: said "/-gearDown"
[21:40:34] [UYUaV#1] pedro: said "/-gearUp"
[21:40:41] [UYUaV#1] pedro: said "/-gearUp"
[22:17:55] [UYUaV#1] pedro: said "/quiit"
[22:17:56] [UYUaV#1] pedro: disconnected (Exiting)
