
================================================================
======== txAdmin Starting - 01/10/2024 15:34:20                 
================================================================

================================================================
======== Log Rotated - 01/10/2024 15:34:20                      
================================================================
[15:34:42] txAdmin: Logger started
[15:38:43] [MPpxL#1] pedro: joined with identifiers [license:9165b8aac98b47644a38d1082eb1aeea3aab5f52; xbl:2535429261593009; live:914801513036229; discord:340518160627269634; fivem:825440; license2:09afc66b8f22aa306c2c21bc4500784827f1d4f6]
[15:40:57] [MPpxL#1] pedro: disconnected (Exiting)
[15:41:51] [MPpxL#2] pedro: joined with identifiers [license:9165b8aac98b47644a38d1082eb1aeea3aab5f52; xbl:2535429261593009; live:914801513036229; discord:340518160627269634; fivem:825440; license2:09afc66b8f22aa306c2c21bc4500784827f1d4f6]
[15:49:46] [MPpxL#2] pedro: said "/hud"
[16:14:47] [MPpxL#2] pedro: disconnected (Exiting)

================================================================
======== txAdmin Starting - 01/10/2024 16:14:59                 
================================================================
[16:15:22] txAdmin: Logger started
[16:16:08] [nGGnK#1] pedro: joined with identifiers [license:9165b8aac98b47644a38d1082eb1aeea3aab5f52; xbl:2535429261593009; live:914801513036229; discord:340518160627269634; fivem:825440; license2:09afc66b8f22aa306c2c21bc4500784827f1d4f6]
[16:38:06] [nGGnK#1] pedro: disconnected (Exiting)

================================================================
======== txAdmin Starting - 01/10/2024 20:14:14                 
================================================================
[20:14:44] txAdmin: Logger started
[20:16:47] [pUUgB#1] pedro: joined with identifiers [license:9165b8aac98b47644a38d1082eb1aeea3aab5f52; xbl:2535429261593009; live:914801513036229; discord:340518160627269634; fivem:825440; license2:09afc66b8f22aa306c2c21bc4500784827f1d4f6]
[20:25:28] [pUUgB#1] pedro: disconnected (Exiting)

================================================================
======== txAdmin Starting - 01/10/2024 23:01:09                 
================================================================
[23:02:31] txAdmin: Logger started

================================================================
======== txAdmin Starting - 01/10/2024 23:03:40                 
================================================================
[23:04:02] txAdmin: Logger started
[23:05:41] [gaRih#1] PedroLuCas874: joined with identifiers [license:9165b8aac98b47644a38d1082eb1aeea3aab5f52; xbl:2535429261593009; live:914801513036229; discord:340518160627269634; fivem:825440; license2:09afc66b8f22aa306c2c21bc4500784827f1d4f6]
[23:15:40] [gaRih#1] PedroLuCas874: said "/-engine"
[23:21:42] [gaRih#1] PedroLuCas874: disconnected (Exiting)

================================================================
======== txAdmin Starting - 01/10/2024 23:22:11                 
================================================================
[23:22:33] txAdmin: Logger started
[23:23:37] [cdkkV#1] PedroLuCas874: joined with identifiers [license:9165b8aac98b47644a38d1082eb1aeea3aab5f52; xbl:2535429261593009; live:914801513036229; discord:340518160627269634; fivem:825440; license2:09afc66b8f22aa306c2c21bc4500784827f1d4f6]
[23:42:45] [cdkkV#1] PedroLuCas874: disconnected (Exiting)
