
================================================================
======== Log Rotated - 06/10/2024 00:00:00                      
================================================================
[00:39:46] [bRUJx#1] PedroLuCas874: said "/nocpli"
[00:40:30] [bRUJx#1] PedroLuCas874: said "/-gearUp"
[00:40:31] [bRUJx#1] PedroLuCas874: said "/-gearUp"
[00:40:34] [bRUJx#1] PedroLuCas874: said "/-gearDown"
[00:40:36] [bRUJx#1] PedroLuCas874: said "/-gearUp"
[00:40:38] [bRUJx#1] PedroLuCas874: said "/-gearUp"
[00:40:38] [bRUJx#1] PedroLuCas874: said "/-gearDown"
[00:40:39] [bRUJx#1] PedroLuCas874: said "/-gearDown"
[00:40:48] [bRUJx#1] PedroLuCas874: disconnected (Exiting)

================================================================
======== txAdmin Starting - 06/10/2024 13:30:24                 
================================================================
[13:31:28] txAdmin: Logger started
[13:32:32] [tXxnQ#1] PedroLuCas874: joined with identifiers [license:9165b8aac98b47644a38d1082eb1aeea3aab5f52; xbl:2535429261593009; live:914801513036229; discord:340518160627269634; fivem:825440; license2:09afc66b8f22aa306c2c21bc4500784827f1d4f6]
[14:10:45] [tXxnQ#1] PedroLuCas874: said "/nc"
[14:30:11] [tXxnQ#1] PedroLuCas874: died from suicide (Falling)
[14:30:51] [tXxnQ#1] PedroLuCas874: said "/ogd"
[14:37:10] [tXxnQ#1] PedroLuCas874: disconnected (Exiting)
